2018-06-18 22:22:02,107 [Thread-1:14368] [django.server:124] [basehttp:log_message] [ERROR]- "POST /api/score/studentrank/ HTTP/1.1" 500 0
2018-06-18 22:22:20,984 [Thread-3:13796] [django.server:124] [basehttp:log_message] [ERROR]- "POST /api/score/studentrank/ HTTP/1.1" 500 0
2018-06-18 22:23:58,285 [Thread-1:2612] [django.server:124] [basehttp:log_message] [INFO]- "POST /api/score/studentrank/ HTTP/1.1" 200 8
2018-06-18 22:25:50,446 [Thread-1:3696] [django.server:124] [basehttp:log_message] [ERROR]- "POST /api/score/studentrank/ HTTP/1.1" 500 0
2018-06-18 22:26:14,285 [Thread-1:10452] [django.server:124] [basehttp:log_message] [INFO]- "POST /api/score/studentrank/ HTTP/1.1" 200 8
2018-06-18 22:26:25,585 [Thread-1:11364] [django.server:124] [basehttp:log_message] [ERROR]- "POST /api/score/studentrank/ HTTP/1.1" 500 0
2018-06-18 22:26:36,629 [Thread-1:13328] [django.server:124] [basehttp:log_message] [ERROR]- "POST /api/score/studentrank/ HTTP/1.1" 500 0
2018-06-18 22:28:31,625 [Thread-1:7736] [django.server:124] [basehttp:log_message] [ERROR]- "POST /api/score/studentrank/ HTTP/1.1" 500 0
2018-06-18 22:43:14,822 [Thread-1:2768] [django.server:124] [basehttp:log_message] [ERROR]- "POST /api/score/studentrank/ HTTP/1.1" 500 0
2018-06-18 22:55:37,744 [Thread-1:13564] [django.server:124] [basehttp:log_message] [ERROR]- "POST /api/score/studentrank/ HTTP/1.1" 500 0
2018-06-18 22:57:36,966 [Thread-1:15112] [django.server:124] [basehttp:log_message] [ERROR]- "POST /api/score/studentrank/ HTTP/1.1" 500 0
2018-06-18 22:58:13,011 [Thread-3:11084] [django.server:124] [basehttp:log_message] [ERROR]- "POST /api/score/studentrank/ HTTP/1.1" 500 0
2018-06-18 23:29:54,791 [Thread-1:8748] [django.server:124] [basehttp:log_message] [INFO]- "POST /api/score/studentrank/ HTTP/1.1" 200 11
2018-06-18 23:35:14,912 [Thread-1:11560] [django.request:93] [base:get_response] [WARNING]- Not Found: /api/score/updateupdatestudentrank/
2018-06-18 23:35:14,912 [Thread-1:11560] [django.server:124] [basehttp:log_message] [WARNING]- "POST /api/score/updateupdatestudentrank/ HTTP/1.1" 404 108
2018-06-18 23:35:33,735 [Thread-3:5492] [django.request:118] [exception:handle_uncaught_exception] [ERROR]- Internal Server Error: /api/score/updatestudentrank/
Traceback (most recent call last):
  File "C:\Users\Austin\PycharmProject\SE-TSS\venv\lib\site-packages\django\core\handlers\exception.py", line 35, in inner
    response = get_response(request)
  File "C:\Users\Austin\PycharmProject\SE-TSS\venv\lib\site-packages\django\core\handlers\base.py", line 128, in _get_response
    response = self.process_exception_by_middleware(e, request)
  File "C:\Users\Austin\PycharmProject\SE-TSS\venv\lib\site-packages\django\core\handlers\base.py", line 126, in _get_response
    response = wrapped_callback(request, *callback_args, **callback_kwargs)
  File "C:\Users\Austin\PycharmProject\SE-TSS\venv\lib\site-packages\django\views\decorators\csrf.py", line 54, in wrapped_view
    return view_func(*args, **kwargs)
  File "C:\Users\Austin\PycharmProject\SE-TSS\venv\lib\site-packages\django\views\generic\base.py", line 69, in view
    return self.dispatch(request, *args, **kwargs)
  File "C:\Users\Austin\PycharmProject\SE-TSS\venv\lib\site-packages\rest_framework\views.py", line 485, in dispatch
    self.response = self.finalize_response(request, response, *args, **kwargs)
  File "C:\Users\Austin\PycharmProject\SE-TSS\venv\lib\site-packages\rest_framework\views.py", line 400, in finalize_response
    % type(response)
AssertionError: Expected a `Response`, `HttpResponse` or `HttpStreamingResponse` to be returned from the view, but received a `<class 'NoneType'>`
2018-06-18 23:35:33,913 [Thread-3:5492] [django.server:124] [basehttp:log_message] [ERROR]- "POST /api/score/updatestudentrank/ HTTP/1.1" 500 27
2018-06-18 23:35:38,415 [Thread-4:15356] [django.request:118] [exception:handle_uncaught_exception] [ERROR]- Internal Server Error: /api/score/updatestudentrank/
Traceback (most recent call last):
  File "C:\Users\Austin\PycharmProject\SE-TSS\venv\lib\site-packages\django\core\handlers\exception.py", line 35, in inner
    response = get_response(request)
  File "C:\Users\Austin\PycharmProject\SE-TSS\venv\lib\site-packages\django\core\handlers\base.py", line 128, in _get_response
    response = self.process_exception_by_middleware(e, request)
  File "C:\Users\Austin\PycharmProject\SE-TSS\venv\lib\site-packages\django\core\handlers\base.py", line 126, in _get_response
    response = wrapped_callback(request, *callback_args, **callback_kwargs)
  File "C:\Users\Austin\PycharmProject\SE-TSS\venv\lib\site-packages\django\views\decorators\csrf.py", line 54, in wrapped_view
    return view_func(*args, **kwargs)
  File "C:\Users\Austin\PycharmProject\SE-TSS\venv\lib\site-packages\django\views\generic\base.py", line 69, in view
    return self.dispatch(request, *args, **kwargs)
  File "C:\Users\Austin\PycharmProject\SE-TSS\venv\lib\site-packages\rest_framework\views.py", line 485, in dispatch
    self.response = self.finalize_response(request, response, *args, **kwargs)
  File "C:\Users\Austin\PycharmProject\SE-TSS\venv\lib\site-packages\rest_framework\views.py", line 400, in finalize_response
    % type(response)
AssertionError: Expected a `Response`, `HttpResponse` or `HttpStreamingResponse` to be returned from the view, but received a `<class 'NoneType'>`
2018-06-18 23:35:38,417 [Thread-4:15356] [django.server:124] [basehttp:log_message] [ERROR]- "POST /api/score/updatestudentrank/ HTTP/1.1" 500 27
2018-06-18 23:36:32,538 [Thread-5:16104] [django.request:118] [exception:handle_uncaught_exception] [ERROR]- Internal Server Error: /api/score/updatestudentrank/
Traceback (most recent call last):
  File "C:\Users\Austin\PycharmProject\SE-TSS\venv\lib\site-packages\django\core\handlers\exception.py", line 35, in inner
    response = get_response(request)
  File "C:\Users\Austin\PycharmProject\SE-TSS\venv\lib\site-packages\django\core\handlers\base.py", line 128, in _get_response
    response = self.process_exception_by_middleware(e, request)
  File "C:\Users\Austin\PycharmProject\SE-TSS\venv\lib\site-packages\django\core\handlers\base.py", line 126, in _get_response
    response = wrapped_callback(request, *callback_args, **callback_kwargs)
  File "C:\Users\Austin\PycharmProject\SE-TSS\venv\lib\site-packages\django\views\decorators\csrf.py", line 54, in wrapped_view
    return view_func(*args, **kwargs)
  File "C:\Users\Austin\PycharmProject\SE-TSS\venv\lib\site-packages\django\views\generic\base.py", line 69, in view
    return self.dispatch(request, *args, **kwargs)
  File "C:\Users\Austin\PycharmProject\SE-TSS\venv\lib\site-packages\rest_framework\views.py", line 485, in dispatch
    self.response = self.finalize_response(request, response, *args, **kwargs)
  File "C:\Users\Austin\PycharmProject\SE-TSS\venv\lib\site-packages\rest_framework\views.py", line 400, in finalize_response
    % type(response)
AssertionError: Expected a `Response`, `HttpResponse` or `HttpStreamingResponse` to be returned from the view, but received a `<class 'NoneType'>`
2018-06-18 23:36:32,539 [Thread-5:16104] [django.server:124] [basehttp:log_message] [ERROR]- "POST /api/score/updatestudentrank/ HTTP/1.1" 500 27
2018-06-18 23:37:12,484 [Thread-1:4964] [django.server:124] [basehttp:log_message] [INFO]- "POST /api/score/updatestudentrank/ HTTP/1.1" 200 11
2018-06-18 23:37:48,827 [Thread-1:5256] [django.server:124] [basehttp:log_message] [INFO]- "POST /api/score/updatestudentrank/ HTTP/1.1" 200 11
2018-06-18 23:38:02,100 [Thread-1:7940] [django.request:118] [exception:handle_uncaught_exception] [ERROR]- Internal Server Error: /api/score/updatestudentrank/
Traceback (most recent call last):
  File "C:\Users\Austin\PycharmProject\SE-TSS\venv\lib\site-packages\django\core\handlers\exception.py", line 35, in inner
    response = get_response(request)
  File "C:\Users\Austin\PycharmProject\SE-TSS\venv\lib\site-packages\django\core\handlers\base.py", line 128, in _get_response
    response = self.process_exception_by_middleware(e, request)
  File "C:\Users\Austin\PycharmProject\SE-TSS\venv\lib\site-packages\django\core\handlers\base.py", line 126, in _get_response
    response = wrapped_callback(request, *callback_args, **callback_kwargs)
  File "C:\Users\Austin\PycharmProject\SE-TSS\venv\lib\site-packages\django\views\decorators\csrf.py", line 54, in wrapped_view
    return view_func(*args, **kwargs)
  File "C:\Users\Austin\PycharmProject\SE-TSS\venv\lib\site-packages\django\views\generic\base.py", line 69, in view
    return self.dispatch(request, *args, **kwargs)
  File "C:\Users\Austin\PycharmProject\SE-TSS\venv\lib\site-packages\rest_framework\views.py", line 485, in dispatch
    self.response = self.finalize_response(request, response, *args, **kwargs)
  File "C:\Users\Austin\PycharmProject\SE-TSS\venv\lib\site-packages\rest_framework\views.py", line 400, in finalize_response
    % type(response)
AssertionError: Expected a `Response`, `HttpResponse` or `HttpStreamingResponse` to be returned from the view, but received a `<class 'NoneType'>`
2018-06-18 23:38:02,106 [Thread-1:7940] [django.server:124] [basehttp:log_message] [ERROR]- "POST /api/score/updatestudentrank/ HTTP/1.1" 500 27
2018-06-18 23:38:22,177 [Thread-1:17040] [django.request:118] [exception:handle_uncaught_exception] [ERROR]- Internal Server Error: /api/score/updatestudentrank/
Traceback (most recent call last):
  File "C:\Users\Austin\PycharmProject\SE-TSS\venv\lib\site-packages\django\core\handlers\exception.py", line 35, in inner
    response = get_response(request)
  File "C:\Users\Austin\PycharmProject\SE-TSS\venv\lib\site-packages\django\core\handlers\base.py", line 128, in _get_response
    response = self.process_exception_by_middleware(e, request)
  File "C:\Users\Austin\PycharmProject\SE-TSS\venv\lib\site-packages\django\core\handlers\base.py", line 126, in _get_response
    response = wrapped_callback(request, *callback_args, **callback_kwargs)
  File "C:\Users\Austin\PycharmProject\SE-TSS\venv\lib\site-packages\django\views\decorators\csrf.py", line 54, in wrapped_view
    return view_func(*args, **kwargs)
  File "C:\Users\Austin\PycharmProject\SE-TSS\venv\lib\site-packages\django\views\generic\base.py", line 69, in view
    return self.dispatch(request, *args, **kwargs)
  File "C:\Users\Austin\PycharmProject\SE-TSS\venv\lib\site-packages\rest_framework\views.py", line 485, in dispatch
    self.response = self.finalize_response(request, response, *args, **kwargs)
  File "C:\Users\Austin\PycharmProject\SE-TSS\venv\lib\site-packages\rest_framework\views.py", line 400, in finalize_response
    % type(response)
AssertionError: Expected a `Response`, `HttpResponse` or `HttpStreamingResponse` to be returned from the view, but received a `<class 'NoneType'>`
2018-06-18 23:38:22,187 [Thread-1:17040] [django.server:124] [basehttp:log_message] [ERROR]- "POST /api/score/updatestudentrank/ HTTP/1.1" 500 27
2018-06-18 23:38:28,644 [Thread-1:11544] [django.request:118] [exception:handle_uncaught_exception] [ERROR]- Internal Server Error: /api/score/updatestudentrank/
Traceback (most recent call last):
  File "C:\Users\Austin\PycharmProject\SE-TSS\venv\lib\site-packages\django\core\handlers\exception.py", line 35, in inner
    response = get_response(request)
  File "C:\Users\Austin\PycharmProject\SE-TSS\venv\lib\site-packages\django\core\handlers\base.py", line 128, in _get_response
    response = self.process_exception_by_middleware(e, request)
  File "C:\Users\Austin\PycharmProject\SE-TSS\venv\lib\site-packages\django\core\handlers\base.py", line 126, in _get_response
    response = wrapped_callback(request, *callback_args, **callback_kwargs)
  File "C:\Users\Austin\PycharmProject\SE-TSS\venv\lib\site-packages\django\views\decorators\csrf.py", line 54, in wrapped_view
    return view_func(*args, **kwargs)
  File "C:\Users\Austin\PycharmProject\SE-TSS\venv\lib\site-packages\django\views\generic\base.py", line 69, in view
    return self.dispatch(request, *args, **kwargs)
  File "C:\Users\Austin\PycharmProject\SE-TSS\venv\lib\site-packages\rest_framework\views.py", line 485, in dispatch
    self.response = self.finalize_response(request, response, *args, **kwargs)
  File "C:\Users\Austin\PycharmProject\SE-TSS\venv\lib\site-packages\rest_framework\views.py", line 400, in finalize_response
    % type(response)
AssertionError: Expected a `Response`, `HttpResponse` or `HttpStreamingResponse` to be returned from the view, but received a `<class 'NoneType'>`
2018-06-18 23:38:28,650 [Thread-1:11544] [django.server:124] [basehttp:log_message] [ERROR]- "POST /api/score/updatestudentrank/ HTTP/1.1" 500 27
2018-06-18 23:40:27,802 [Thread-1:16252] [django.request:118] [exception:handle_uncaught_exception] [ERROR]- Internal Server Error: /api/score/updatestudentrank/
Traceback (most recent call last):
  File "C:\Users\Austin\PycharmProject\SE-TSS\venv\lib\site-packages\django\core\handlers\exception.py", line 35, in inner
    response = get_response(request)
  File "C:\Users\Austin\PycharmProject\SE-TSS\venv\lib\site-packages\django\core\handlers\base.py", line 128, in _get_response
    response = self.process_exception_by_middleware(e, request)
  File "C:\Users\Austin\PycharmProject\SE-TSS\venv\lib\site-packages\django\core\handlers\base.py", line 126, in _get_response
    response = wrapped_callback(request, *callback_args, **callback_kwargs)
  File "C:\Users\Austin\PycharmProject\SE-TSS\venv\lib\site-packages\django\views\decorators\csrf.py", line 54, in wrapped_view
    return view_func(*args, **kwargs)
  File "C:\Users\Austin\PycharmProject\SE-TSS\venv\lib\site-packages\django\views\generic\base.py", line 69, in view
    return self.dispatch(request, *args, **kwargs)
  File "C:\Users\Austin\PycharmProject\SE-TSS\venv\lib\site-packages\rest_framework\views.py", line 485, in dispatch
    self.response = self.finalize_response(request, response, *args, **kwargs)
  File "C:\Users\Austin\PycharmProject\SE-TSS\venv\lib\site-packages\rest_framework\views.py", line 400, in finalize_response
    % type(response)
AssertionError: Expected a `Response`, `HttpResponse` or `HttpStreamingResponse` to be returned from the view, but received a `<class 'NoneType'>`
2018-06-18 23:40:27,809 [Thread-1:16252] [django.server:124] [basehttp:log_message] [ERROR]- "POST /api/score/updatestudentrank/ HTTP/1.1" 500 27
2018-06-18 23:40:40,803 [Thread-1:17036] [django.request:118] [exception:handle_uncaught_exception] [ERROR]- Internal Server Error: /api/score/updatestudentrank/
Traceback (most recent call last):
  File "C:\Users\Austin\PycharmProject\SE-TSS\venv\lib\site-packages\django\core\handlers\exception.py", line 35, in inner
    response = get_response(request)
  File "C:\Users\Austin\PycharmProject\SE-TSS\venv\lib\site-packages\django\core\handlers\base.py", line 128, in _get_response
    response = self.process_exception_by_middleware(e, request)
  File "C:\Users\Austin\PycharmProject\SE-TSS\venv\lib\site-packages\django\core\handlers\base.py", line 126, in _get_response
    response = wrapped_callback(request, *callback_args, **callback_kwargs)
  File "C:\Users\Austin\PycharmProject\SE-TSS\venv\lib\site-packages\django\views\decorators\csrf.py", line 54, in wrapped_view
    return view_func(*args, **kwargs)
  File "C:\Users\Austin\PycharmProject\SE-TSS\venv\lib\site-packages\django\views\generic\base.py", line 69, in view
    return self.dispatch(request, *args, **kwargs)
  File "C:\Users\Austin\PycharmProject\SE-TSS\venv\lib\site-packages\rest_framework\views.py", line 485, in dispatch
    self.response = self.finalize_response(request, response, *args, **kwargs)
  File "C:\Users\Austin\PycharmProject\SE-TSS\venv\lib\site-packages\rest_framework\views.py", line 400, in finalize_response
    % type(response)
AssertionError: Expected a `Response`, `HttpResponse` or `HttpStreamingResponse` to be returned from the view, but received a `<class 'NoneType'>`
2018-06-18 23:40:40,809 [Thread-1:17036] [django.server:124] [basehttp:log_message] [ERROR]- "POST /api/score/updatestudentrank/ HTTP/1.1" 500 27
2018-06-18 23:49:14,518 [Thread-1:8120] [django.server:124] [basehttp:log_message] [ERROR]- "POST /api/score/updatestudentrank/ HTTP/1.1" 500 0
2018-06-18 23:49:17,258 [Thread-3:9592] [django.server:124] [basehttp:log_message] [ERROR]- "POST /api/score/updatestudentrank/ HTTP/1.1" 500 0
2018-06-18 23:49:23,590 [Thread-4:9872] [django.server:124] [basehttp:log_message] [ERROR]- "POST /api/score/updatestudentrank/ HTTP/1.1" 500 0
2018-06-18 23:51:17,664 [Thread-1:7592] [django.request:118] [exception:handle_uncaught_exception] [ERROR]- Internal Server Error: /api/score/updatestudentrank/
Traceback (most recent call last):
  File "C:\Users\Austin\PycharmProject\SE-TSS\backend\score_management\views.py", line 293, in update_student_rank
    counts[id_number] += 1
KeyError: '000000000000000000'

During handling of the above exception, another exception occurred:

Traceback (most recent call last):
  File "C:\Users\Austin\PycharmProject\SE-TSS\venv\lib\site-packages\django\core\handlers\exception.py", line 35, in inner
    response = get_response(request)
  File "C:\Users\Austin\PycharmProject\SE-TSS\venv\lib\site-packages\django\core\handlers\base.py", line 128, in _get_response
    response = self.process_exception_by_middleware(e, request)
  File "C:\Users\Austin\PycharmProject\SE-TSS\venv\lib\site-packages\django\core\handlers\base.py", line 126, in _get_response
    response = wrapped_callback(request, *callback_args, **callback_kwargs)
  File "C:\Users\Austin\PycharmProject\SE-TSS\venv\lib\site-packages\django\views\decorators\csrf.py", line 54, in wrapped_view
    return view_func(*args, **kwargs)
  File "C:\Users\Austin\PycharmProject\SE-TSS\venv\lib\site-packages\django\views\generic\base.py", line 69, in view
    return self.dispatch(request, *args, **kwargs)
  File "C:\Users\Austin\PycharmProject\SE-TSS\venv\lib\site-packages\rest_framework\views.py", line 483, in dispatch
    response = self.handle_exception(exc)
  File "C:\Users\Austin\PycharmProject\SE-TSS\venv\lib\site-packages\rest_framework\views.py", line 443, in handle_exception
    self.raise_uncaught_exception(exc)
  File "C:\Users\Austin\PycharmProject\SE-TSS\venv\lib\site-packages\rest_framework\views.py", line 480, in dispatch
    response = handler(request, *args, **kwargs)
  File "C:\Users\Austin\PycharmProject\SE-TSS\venv\lib\site-packages\rest_framework\decorators.py", line 53, in handler
    return func(*args, **kwargs)
  File "C:\Users\Austin\PycharmProject\SE-TSS\backend\score_management\views.py", line 310, in update_student_rank
    print("Unexpected error:", sys.exc_info()[0])
NameError: name 'sys' is not defined
2018-06-18 23:51:17,692 [Thread-1:7592] [django.server:124] [basehttp:log_message] [ERROR]- "POST /api/score/updatestudentrank/ HTTP/1.1" 500 27
2018-06-18 23:52:29,395 [Thread-10:5492] [django.request:118] [exception:handle_uncaught_exception] [ERROR]- Internal Server Error: /api/score/updatestudentrank/
Traceback (most recent call last):
  File "C:\Users\Austin\PycharmProject\SE-TSS\backend\score_management\views.py", line 293, in update_student_rank
    counts[id_number] += 1
KeyError: '000000000000000000'

During handling of the above exception, another exception occurred:

Traceback (most recent call last):
  File "C:\Users\Austin\PycharmProject\SE-TSS\venv\lib\site-packages\django\core\handlers\exception.py", line 35, in inner
    response = get_response(request)
  File "C:\Users\Austin\PycharmProject\SE-TSS\venv\lib\site-packages\django\core\handlers\base.py", line 128, in _get_response
    response = self.process_exception_by_middleware(e, request)
  File "C:\Users\Austin\PycharmProject\SE-TSS\venv\lib\site-packages\django\core\handlers\base.py", line 126, in _get_response
    response = wrapped_callback(request, *callback_args, **callback_kwargs)
  File "C:\Users\Austin\PycharmProject\SE-TSS\venv\lib\site-packages\django\views\decorators\csrf.py", line 54, in wrapped_view
    return view_func(*args, **kwargs)
  File "C:\Users\Austin\PycharmProject\SE-TSS\venv\lib\site-packages\django\views\generic\base.py", line 69, in view
    return self.dispatch(request, *args, **kwargs)
  File "C:\Users\Austin\PycharmProject\SE-TSS\venv\lib\site-packages\rest_framework\views.py", line 483, in dispatch
    response = self.handle_exception(exc)
  File "C:\Users\Austin\PycharmProject\SE-TSS\venv\lib\site-packages\rest_framework\views.py", line 443, in handle_exception
    self.raise_uncaught_exception(exc)
  File "C:\Users\Austin\PycharmProject\SE-TSS\venv\lib\site-packages\rest_framework\views.py", line 480, in dispatch
    response = handler(request, *args, **kwargs)
  File "C:\Users\Austin\PycharmProject\SE-TSS\venv\lib\site-packages\rest_framework\decorators.py", line 53, in handler
    return func(*args, **kwargs)
  File "C:\Users\Austin\PycharmProject\SE-TSS\backend\score_management\views.py", line 310, in update_student_rank
    print("Unexpected error:", sys.exc_info()[0])
NameError: name 'sys' is not defined
2018-06-18 23:52:29,419 [Thread-10:5492] [django.server:124] [basehttp:log_message] [ERROR]- "POST /api/score/updatestudentrank/ HTTP/1.1" 500 27
2018-06-18 23:55:48,994 [Thread-1:2596] [django.request:118] [exception:handle_uncaught_exception] [ERROR]- Internal Server Error: /api/score/updatestudentrank/
Traceback (most recent call last):
  File "C:\Users\Austin\PycharmProject\SE-TSS\backend\score_management\views.py", line 293, in update_student_rank
    counts[id_number] += 1
KeyError: '000000000000000000'

During handling of the above exception, another exception occurred:

Traceback (most recent call last):
  File "C:\Users\Austin\PycharmProject\SE-TSS\venv\lib\site-packages\django\core\handlers\exception.py", line 35, in inner
    response = get_response(request)
  File "C:\Users\Austin\PycharmProject\SE-TSS\venv\lib\site-packages\django\core\handlers\base.py", line 128, in _get_response
    response = self.process_exception_by_middleware(e, request)
  File "C:\Users\Austin\PycharmProject\SE-TSS\venv\lib\site-packages\django\core\handlers\base.py", line 126, in _get_response
    response = wrapped_callback(request, *callback_args, **callback_kwargs)
  File "C:\Users\Austin\PycharmProject\SE-TSS\venv\lib\site-packages\django\views\decorators\csrf.py", line 54, in wrapped_view
    return view_func(*args, **kwargs)
  File "C:\Users\Austin\PycharmProject\SE-TSS\venv\lib\site-packages\django\views\generic\base.py", line 69, in view
    return self.dispatch(request, *args, **kwargs)
  File "C:\Users\Austin\PycharmProject\SE-TSS\venv\lib\site-packages\rest_framework\views.py", line 483, in dispatch
    response = self.handle_exception(exc)
  File "C:\Users\Austin\PycharmProject\SE-TSS\venv\lib\site-packages\rest_framework\views.py", line 443, in handle_exception
    self.raise_uncaught_exception(exc)
  File "C:\Users\Austin\PycharmProject\SE-TSS\venv\lib\site-packages\rest_framework\views.py", line 480, in dispatch
    response = handler(request, *args, **kwargs)
  File "C:\Users\Austin\PycharmProject\SE-TSS\venv\lib\site-packages\rest_framework\decorators.py", line 53, in handler
    return func(*args, **kwargs)
  File "C:\Users\Austin\PycharmProject\SE-TSS\backend\score_management\views.py", line 310, in update_student_rank
    print("Unexpected error:", sys.exc_info()[0])
NameError: name 'sys' is not defined
2018-06-18 23:55:49,001 [Thread-1:2596] [django.server:124] [basehttp:log_message] [ERROR]- "POST /api/score/updatestudentrank/ HTTP/1.1" 500 27
2018-06-18 23:56:16,732 [Thread-1:2428] [django.server:124] [basehttp:log_message] [INFO]- "POST /api/score/updatestudentrank/ HTTP/1.1" 200 11
2018-06-18 23:56:31,602 [Thread-1:10336] [django.request:118] [exception:handle_uncaught_exception] [ERROR]- Internal Server Error: /api/score/updatestudentrank/
Traceback (most recent call last):
  File "C:\Users\Austin\PycharmProject\SE-TSS\backend\score_management\views.py", line 293, in update_student_rank
    counts[id_number] += 1
KeyError: '000000000000000000'

During handling of the above exception, another exception occurred:

Traceback (most recent call last):
  File "C:\Users\Austin\PycharmProject\SE-TSS\venv\lib\site-packages\django\core\handlers\exception.py", line 35, in inner
    response = get_response(request)
  File "C:\Users\Austin\PycharmProject\SE-TSS\venv\lib\site-packages\django\core\handlers\base.py", line 128, in _get_response
    response = self.process_exception_by_middleware(e, request)
  File "C:\Users\Austin\PycharmProject\SE-TSS\venv\lib\site-packages\django\core\handlers\base.py", line 126, in _get_response
    response = wrapped_callback(request, *callback_args, **callback_kwargs)
  File "C:\Users\Austin\PycharmProject\SE-TSS\venv\lib\site-packages\django\views\decorators\csrf.py", line 54, in wrapped_view
    return view_func(*args, **kwargs)
  File "C:\Users\Austin\PycharmProject\SE-TSS\venv\lib\site-packages\django\views\generic\base.py", line 69, in view
    return self.dispatch(request, *args, **kwargs)
  File "C:\Users\Austin\PycharmProject\SE-TSS\venv\lib\site-packages\rest_framework\views.py", line 483, in dispatch
    response = self.handle_exception(exc)
  File "C:\Users\Austin\PycharmProject\SE-TSS\venv\lib\site-packages\rest_framework\views.py", line 443, in handle_exception
    self.raise_uncaught_exception(exc)
  File "C:\Users\Austin\PycharmProject\SE-TSS\venv\lib\site-packages\rest_framework\views.py", line 480, in dispatch
    response = handler(request, *args, **kwargs)
  File "C:\Users\Austin\PycharmProject\SE-TSS\venv\lib\site-packages\rest_framework\decorators.py", line 53, in handler
    return func(*args, **kwargs)
  File "C:\Users\Austin\PycharmProject\SE-TSS\backend\score_management\views.py", line 310, in update_student_rank
    print("Unexpected error:", sys.exc_info()[0])
NameError: name 'sys' is not defined
2018-06-18 23:56:31,609 [Thread-1:10336] [django.server:124] [basehttp:log_message] [ERROR]- "POST /api/score/updatestudentrank/ HTTP/1.1" 500 27
2018-06-18 23:56:51,378 [Thread-1:15716] [django.server:124] [basehttp:log_message] [INFO]- "POST /api/score/updatestudentrank/ HTTP/1.1" 200 11
2018-06-18 23:57:32,775 [Thread-1:6656] [django.request:118] [exception:handle_uncaught_exception] [ERROR]- Internal Server Error: /api/score/updatestudentrank/
Traceback (most recent call last):
  File "C:\Users\Austin\PycharmProject\SE-TSS\backend\score_management\views.py", line 294, in update_student_rank
    counts[id_number] += 1
KeyError: '000000000000000000'

During handling of the above exception, another exception occurred:

Traceback (most recent call last):
  File "C:\Users\Austin\PycharmProject\SE-TSS\venv\lib\site-packages\django\core\handlers\exception.py", line 35, in inner
    response = get_response(request)
  File "C:\Users\Austin\PycharmProject\SE-TSS\venv\lib\site-packages\django\core\handlers\base.py", line 128, in _get_response
    response = self.process_exception_by_middleware(e, request)
  File "C:\Users\Austin\PycharmProject\SE-TSS\venv\lib\site-packages\django\core\handlers\base.py", line 126, in _get_response
    response = wrapped_callback(request, *callback_args, **callback_kwargs)
  File "C:\Users\Austin\PycharmProject\SE-TSS\venv\lib\site-packages\django\views\decorators\csrf.py", line 54, in wrapped_view
    return view_func(*args, **kwargs)
  File "C:\Users\Austin\PycharmProject\SE-TSS\venv\lib\site-packages\django\views\generic\base.py", line 69, in view
    return self.dispatch(request, *args, **kwargs)
  File "C:\Users\Austin\PycharmProject\SE-TSS\venv\lib\site-packages\rest_framework\views.py", line 483, in dispatch
    response = self.handle_exception(exc)
  File "C:\Users\Austin\PycharmProject\SE-TSS\venv\lib\site-packages\rest_framework\views.py", line 443, in handle_exception
    self.raise_uncaught_exception(exc)
  File "C:\Users\Austin\PycharmProject\SE-TSS\venv\lib\site-packages\rest_framework\views.py", line 480, in dispatch
    response = handler(request, *args, **kwargs)
  File "C:\Users\Austin\PycharmProject\SE-TSS\venv\lib\site-packages\rest_framework\decorators.py", line 53, in handler
    return func(*args, **kwargs)
  File "C:\Users\Austin\PycharmProject\SE-TSS\backend\score_management\views.py", line 310, in update_student_rank
    print("Unexpected error:", sys.exc_info()[0])
NameError: name 'sys' is not defined
2018-06-18 23:57:32,783 [Thread-1:6656] [django.server:124] [basehttp:log_message] [ERROR]- "POST /api/score/updatestudentrank/ HTTP/1.1" 500 27
2018-06-18 23:57:45,992 [Thread-1:16676] [django.server:124] [basehttp:log_message] [INFO]- "POST /api/score/updatestudentrank/ HTTP/1.1" 200 11
2018-06-18 23:58:11,296 [Thread-1:15732] [django.request:118] [exception:handle_uncaught_exception] [ERROR]- Internal Server Error: /api/score/updatestudentrank/
Traceback (most recent call last):
  File "C:\Users\Austin\PycharmProject\SE-TSS\backend\score_management\views.py", line 294, in update_student_rank
    counts[id_number] += 1
KeyError: '000000000000000000'

During handling of the above exception, another exception occurred:

Traceback (most recent call last):
<<<<<<< HEAD
  File "C:\Users\Austin\PycharmProject\SE-TSS\venv\lib\site-packages\django\core\handlers\exception.py", line 35, in inner
    response = get_response(request)
  File "C:\Users\Austin\PycharmProject\SE-TSS\venv\lib\site-packages\django\core\handlers\base.py", line 128, in _get_response
    response = self.process_exception_by_middleware(e, request)
  File "C:\Users\Austin\PycharmProject\SE-TSS\venv\lib\site-packages\django\core\handlers\base.py", line 126, in _get_response
    response = wrapped_callback(request, *callback_args, **callback_kwargs)
  File "C:\Users\Austin\PycharmProject\SE-TSS\venv\lib\site-packages\django\views\decorators\csrf.py", line 54, in wrapped_view
    return view_func(*args, **kwargs)
  File "C:\Users\Austin\PycharmProject\SE-TSS\venv\lib\site-packages\django\views\generic\base.py", line 69, in view
    return self.dispatch(request, *args, **kwargs)
  File "C:\Users\Austin\PycharmProject\SE-TSS\venv\lib\site-packages\rest_framework\views.py", line 483, in dispatch
    response = self.handle_exception(exc)
  File "C:\Users\Austin\PycharmProject\SE-TSS\venv\lib\site-packages\rest_framework\views.py", line 443, in handle_exception
    self.raise_uncaught_exception(exc)
  File "C:\Users\Austin\PycharmProject\SE-TSS\venv\lib\site-packages\rest_framework\views.py", line 480, in dispatch
    response = handler(request, *args, **kwargs)
  File "C:\Users\Austin\PycharmProject\SE-TSS\venv\lib\site-packages\rest_framework\decorators.py", line 53, in handler
    return func(*args, **kwargs)
  File "C:\Users\Austin\PycharmProject\SE-TSS\backend\score_management\views.py", line 311, in update_student_rank
    print("Unexpected error:", sys.exc_info()[0])
NameError: name 'sys' is not defined
2018-06-18 23:58:11,304 [Thread-1:15732] [django.server:124] [basehttp:log_message] [ERROR]- "POST /api/score/updatestudentrank/ HTTP/1.1" 500 27
2018-06-18 23:59:09,781 [Thread-1:11336] [django.server:124] [basehttp:log_message] [INFO]- "POST /api/score/updatestudentrank/ HTTP/1.1" 200 11
2018-06-19 00:01:30,834 [Thread-1:16848] [django.server:124] [basehttp:log_message] [INFO]- "POST /api/score/updatestudentrank/ HTTP/1.1" 200 11
2018-06-19 00:02:10,862 [Thread-1:16416] [django.server:124] [basehttp:log_message] [INFO]- "POST /api/score/updatestudentrank/ HTTP/1.1" 200 11
2018-06-19 00:02:39,773 [Thread-1:7456] [django.server:124] [basehttp:log_message] [ERROR]- "POST /api/score/updatestudentrank/ HTTP/1.1" 500 0
2018-06-19 00:04:14,026 [Thread-1:16100] [django.server:124] [basehttp:log_message] [ERROR]- "POST /api/score/updatestudentrank/ HTTP/1.1" 500 0
2018-06-19 00:06:21,447 [Thread-1:12420] [django.server:124] [basehttp:log_message] [ERROR]- "POST /api/score/updatestudentrank/ HTTP/1.1" 500 0
2018-06-19 00:07:06,199 [Thread-1:15872] [django.server:124] [basehttp:log_message] [INFO]- "POST /api/score/updatestudentrank/ HTTP/1.1" 200 11
2018-06-19 00:07:23,792 [Thread-1:16656] [django.server:124] [basehttp:log_message] [INFO]- "POST /api/score/updatestudentrank/ HTTP/1.1" 200 11
2018-06-19 00:07:42,043 [Thread-1:5736] [django.server:124] [basehttp:log_message] [ERROR]- "POST /api/score/updatestudentrank/ HTTP/1.1" 500 0
2018-06-19 00:45:11,539 [Thread-1:16572] [django.server:124] [basehttp:log_message] [ERROR]- "POST /api/score/updatestudentrank/ HTTP/1.1" 500 0
2018-06-19 00:47:47,075 [Thread-1:12884] [django.server:124] [basehttp:log_message] [ERROR]- "POST /api/score/updatestudentrank/ HTTP/1.1" 500 0
2018-06-19 00:48:56,627 [Thread-1:2428] [django.server:124] [basehttp:log_message] [ERROR]- "POST /api/score/updatestudentrank/ HTTP/1.1" 500 0
2018-06-19 00:52:19,873 [Thread-1:1612] [django.server:124] [basehttp:log_message] [ERROR]- "POST /api/score/updatestudentrank/ HTTP/1.1" 500 0
2018-06-19 00:52:55,256 [Thread-1:13944] [django.server:124] [basehttp:log_message] [ERROR]- "POST /api/score/updatestudentrank/ HTTP/1.1" 500 0
2018-06-19 01:03:20,330 [Thread-1:1192] [django.server:124] [basehttp:log_message] [ERROR]- "POST /api/score/updatestudentrank/ HTTP/1.1" 500 0
2018-06-19 01:20:24,775 [Thread-1:10612] [django.server:124] [basehttp:log_message] [ERROR]- "POST /api/score/updatestudentrank/ HTTP/1.1" 500 0
2018-06-19 01:20:50,716 [Thread-1:12648] [django.server:124] [basehttp:log_message] [ERROR]- "POST /api/score/updatestudentrank/ HTTP/1.1" 500 0
2018-06-19 01:23:34,291 [Thread-1:13664] [django.server:124] [basehttp:log_message] [ERROR]- "POST /api/score/updatestudentrank/ HTTP/1.1" 500 0
2018-06-19 01:24:01,708 [Thread-1:8084] [django.server:124] [basehttp:log_message] [ERROR]- "POST /api/score/updatestudentrank/ HTTP/1.1" 500 0
2018-06-19 01:24:31,897 [Thread-1:12352] [django.server:124] [basehttp:log_message] [ERROR]- "POST /api/score/updatestudentrank/ HTTP/1.1" 500 0
2018-06-19 01:24:44,640 [Thread-1:15396] [django.server:124] [basehttp:log_message] [ERROR]- "POST /api/score/updatestudentrank/ HTTP/1.1" 500 0
2018-06-19 01:25:30,570 [Thread-1:12984] [django.server:124] [basehttp:log_message] [ERROR]- "POST /api/score/updatestudentrank/ HTTP/1.1" 500 0
2018-06-19 01:26:12,678 [Thread-1:12832] [django.server:124] [basehttp:log_message] [ERROR]- "POST /api/score/updatestudentrank/ HTTP/1.1" 500 0
2018-06-19 01:26:33,140 [Thread-1:16316] [django.server:124] [basehttp:log_message] [ERROR]- "POST /api/score/updatestudentrank/ HTTP/1.1" 500 0
2018-06-19 01:27:24,985 [Thread-1:17160] [django.server:124] [basehttp:log_message] [ERROR]- "POST /api/score/updatestudentrank/ HTTP/1.1" 500 0
2018-06-19 01:32:39,486 [Thread-1:13672] [django.server:124] [basehttp:log_message] [ERROR]- "POST /api/score/updatestudentrank/ HTTP/1.1" 500 0
2018-06-19 01:43:57,672 [Thread-1:11164] [django.server:124] [basehttp:log_message] [INFO]- "POST /api/score/updatestudentrank/ HTTP/1.1" 200 0
2018-06-19 01:44:25,560 [Thread-3:6140] [django.server:124] [basehttp:log_message] [INFO]- "POST /api/score/updatestudentrank/ HTTP/1.1" 200 0
2018-06-19 01:44:42,363 [Thread-4:808] [django.server:124] [basehttp:log_message] [INFO]- "POST /api/score/updatestudentrank/ HTTP/1.1" 200 0
2018-06-19 01:45:09,629 [Thread-5:4972] [django.server:124] [basehttp:log_message] [INFO]- "POST /api/score/updatestudentrank/ HTTP/1.1" 200 0
2018-06-19 01:45:16,131 [Thread-1:15692] [django.server:124] [basehttp:log_message] [INFO]- "POST /api/score/updatestudentrank/ HTTP/1.1" 200 0
2018-06-19 01:46:17,561 [Thread-1:7392] [django.server:124] [basehttp:log_message] [INFO]- "POST /api/score/updatestudentrank/ HTTP/1.1" 200 0
2018-06-19 01:47:01,740 [Thread-1:16824] [django.server:124] [basehttp:log_message] [INFO]- "POST /api/score/updatestudentrank/ HTTP/1.1" 200 11
2018-06-19 01:58:41,710 [Thread-1:9452] [django.server:124] [basehttp:log_message] [INFO]- "POST /api/score/updatestudentrank/ HTTP/1.1" 200 0
2018-06-19 01:59:56,804 [Thread-3:12080] [django.server:124] [basehttp:log_message] [ERROR]- "POST /api/score/studentrank/ HTTP/1.1" 500 0
2018-06-19 02:00:49,271 [Thread-1:8144] [django.server:124] [basehttp:log_message] [INFO]- "POST /api/score/studentrank/ HTTP/1.1" 200 11
2018-06-19 02:02:51,409 [Thread-3:14128] [django.server:124] [basehttp:log_message] [ERROR]- "POST /api/score/updatestudentrank/ HTTP/1.1" 500 0
2018-06-19 02:09:40,452 [Thread-1:13088] [django.server:124] [basehttp:log_message] [INFO]- "POST /api/score/updatestudentrank/ HTTP/1.1" 200 0
2018-06-19 02:11:08,404 [Thread-1:4972] [django.server:124] [basehttp:log_message] [INFO]- "POST /api/score/updatestudentrank/ HTTP/1.1" 200 0
2018-06-19 02:13:11,919 [Thread-1:7660] [django.server:124] [basehttp:log_message] [INFO]- "POST /api/score/updatestudentrank/ HTTP/1.1" 200 0
2018-06-20 23:18:14,470 [Thread-1:8656] [django.server:124] [basehttp:log_message] [INFO]- "POST /api/score/listallscore/ HTTP/1.1" 200 57
2018-06-20 23:27:42,505 [Thread-1:2536] [django.server:124] [basehttp:log_message] [INFO]- "POST /api/score/listallscore/ HTTP/1.1" 200 57
2018-06-20 23:29:49,946 [Thread-3:9480] [django.server:124] [basehttp:log_message] [ERROR]- "POST /api/score/listallscore/ HTTP/1.1" 500 0
2018-06-20 23:29:53,445 [Thread-4:380] [django.server:124] [basehttp:log_message] [ERROR]- "POST /api/score/listallscore/ HTTP/1.1" 500 0
2018-06-20 23:30:06,038 [Thread-1:10568] [django.server:124] [basehttp:log_message] [ERROR]- "POST /api/score/listallscore/ HTTP/1.1" 500 0
2018-06-20 23:33:10,047 [Thread-1:14816] [django.server:124] [basehttp:log_message] [INFO]- "POST /api/score/listallscore/ HTTP/1.1" 200 199
2018-06-20 23:36:50,260 [Thread-3:4196] [django.server:124] [basehttp:log_message] [INFO]- "POST /api/score/listallscore/ HTTP/1.1" 200 205
2018-06-20 23:38:55,133 [Thread-4:1080] [django.request:93] [base:get_response] [WARNING]- Not Found: /api/score/updaterank/
2018-06-20 23:38:55,133 [Thread-4:1080] [django.server:124] [basehttp:log_message] [WARNING]- "POST /api/score/updaterank/ HTTP/1.1" 404 4317
2018-06-20 23:44:46,328 [Thread-1:14240] [django.request:93] [base:get_response] [WARNING]- Not Found: /api/score/updaterank/
2018-06-20 23:44:46,331 [Thread-1:14240] [django.server:124] [basehttp:log_message] [WARNING]- "POST /api/score/updaterank/ HTTP/1.1" 404 4317
2018-06-20 23:46:22,231 [Thread-3:14224] [django.server:124] [basehttp:log_message] [INFO]- "POST /api/score/updatestudentrank/ HTTP/1.1" 200 0
2018-06-20 23:46:37,088 [Thread-4:4776] [django.server:124] [basehttp:log_message] [ERROR]- "POST /api/score/studentrank/ HTTP/1.1" 500 0
2018-06-20 23:46:54,330 [Thread-5:10316] [django.server:124] [basehttp:log_message] [ERROR]- "POST /api/score/studentrank/ HTTP/1.1" 500 0
2018-06-20 23:46:57,157 [Thread-6:320] [django.server:124] [basehttp:log_message] [ERROR]- "POST /api/score/studentrank/ HTTP/1.1" 500 0
2018-06-20 23:47:31,941 [Thread-7:8744] [django.server:124] [basehttp:log_message] [ERROR]- "POST /api/score/studentrank/ HTTP/1.1" 500 0
2018-06-20 23:47:54,470 [Thread-8:15448] [django.server:124] [basehttp:log_message] [INFO]- "POST /api/score/studentrank/ HTTP/1.1" 200 11
2018-06-20 23:48:12,520 [Thread-9:15580] [django.server:124] [basehttp:log_message] [INFO]- "POST /api/score/updatestudentrank/ HTTP/1.1" 200 0
=======
  File "C:\Users\37187\Anaconda3\lib\site-packages\django\core\handlers\exception.py", line 35, in inner
    response = get_response(request)
  File "C:\Users\37187\Anaconda3\lib\site-packages\django\core\handlers\base.py", line 158, in _get_response
    response = self.process_exception_by_middleware(e, request)
  File "C:\Users\37187\Anaconda3\lib\site-packages\django\core\handlers\base.py", line 156, in _get_response
    response = response.render()
  File "C:\Users\37187\Anaconda3\lib\site-packages\django\template\response.py", line 106, in render
    self.content = self.rendered_content
  File "C:\Users\37187\Anaconda3\lib\site-packages\rest_framework\response.py", line 72, in rendered_content
    ret = renderer.render(self.data, accepted_media_type, context)
  File "C:\Users\37187\Anaconda3\lib\site-packages\rest_framework\renderers.py", line 105, in render
    allow_nan=not self.strict, separators=separators
  File "C:\Users\37187\Anaconda3\lib\site-packages\rest_framework\utils\json.py", line 28, in dumps
    return json.dumps(*args, **kwargs)
  File "C:\Users\37187\Anaconda3\lib\json\__init__.py", line 238, in dumps
    **kw).encode(obj)
  File "C:\Users\37187\Anaconda3\lib\json\encoder.py", line 199, in encode
    chunks = self.iterencode(o, _one_shot=True)
  File "C:\Users\37187\Anaconda3\lib\json\encoder.py", line 257, in iterencode
    return _iterencode(o, 0)
  File "C:\Users\37187\Anaconda3\lib\site-packages\rest_framework\utils\encoders.py", line 68, in default
    return super(JSONEncoder, self).default(obj)
  File "C:\Users\37187\Anaconda3\lib\json\encoder.py", line 180, in default
    o.__class__.__name__)
TypeError: Object of type 'Faculty' is not JSON serializable
2018-06-19 01:23:45,597 [Thread-3:2532] [django.server:124] [basehttp:log_message] [ERROR]- "POST /api/score/insertscore/ HTTP/1.1" 500 111687
2018-06-19 01:23:52,794 [Thread-1:9196] [django.server:124] [basehttp:log_message] [INFO]- "POST /api/score/insertscore/ HTTP/1.1" 201 311
2018-06-19 01:30:53,910 [Thread-1:8616] [django.server:124] [basehttp:log_message] [INFO]- "POST /api/score/insertscore/ HTTP/1.1" 201 311
2018-06-19 01:31:02,732 [Thread-3:7196] [django.server:124] [basehttp:log_message] [INFO]- "POST /api/score/insertscore/ HTTP/1.1" 201 311
2018-06-19 02:03:22,902 [Thread-1:10416] [django.server:124] [basehttp:log_message] [INFO]- "POST /api/score/insertscore/ HTTP/1.1" 201 311
2018-06-19 02:03:26,189 [Thread-3:14116] [django.server:124] [basehttp:log_message] [INFO]- "POST /api/score/insertscore/ HTTP/1.1" 201 311
2018-06-19 02:05:37,365 [Thread-1:5832] [django.server:124] [basehttp:log_message] [INFO]- "POST /api/score/insertscore/ HTTP/1.1" 201 351
2018-06-19 02:05:44,475 [Thread-3:7920] [django.server:124] [basehttp:log_message] [INFO]- "POST /api/score/insertscore/ HTTP/1.1" 201 351
2018-06-19 02:07:30,201 [Thread-1:2768] [django.server:124] [basehttp:log_message] [WARNING]- "POST /api/score/insertscore/ HTTP/1.1" 400 21
2018-06-19 02:07:36,397 [Thread-3:14068] [django.server:124] [basehttp:log_message] [WARNING]- "POST /api/score/insertscore/ HTTP/1.1" 400 21
2018-06-19 02:07:43,746 [Thread-1:13608] [django.server:124] [basehttp:log_message] [INFO]- "POST /api/score/insertscore/ HTTP/1.1" 201 351
2018-06-19 02:08:02,103 [Thread-3:5280] [django.server:124] [basehttp:log_message] [INFO]- "POST /api/score/insertscore/ HTTP/1.1" 201 351
2018-06-19 02:08:09,509 [Thread-1:14248] [django.server:124] [basehttp:log_message] [INFO]- "POST /api/score/insertscore/ HTTP/1.1" 201 351
2018-06-19 02:09:54,964 [Thread-1:3272] [django.server:124] [basehttp:log_message] [WARNING]- "POST /api/score/insertscore/ HTTP/1.1" 400 21
2018-06-19 02:10:40,920 [Thread-1:1624] [django.server:124] [basehttp:log_message] [WARNING]- "POST /api/score/insertscore/ HTTP/1.1" 400 21
2018-06-19 02:11:25,483 [Thread-1:13612] [django.server:124] [basehttp:log_message] [WARNING]- "POST /api/score/insertscore/ HTTP/1.1" 400 21
2018-06-19 02:13:00,675 [Thread-1:5204] [django.server:124] [basehttp:log_message] [INFO]- "POST /api/score/insertscore/ HTTP/1.1" 201 351
2018-06-19 02:13:02,540 [Thread-3:13912] [django.server:124] [basehttp:log_message] [WARNING]- "POST /api/score/insertscore/ HTTP/1.1" 400 21
2018-06-19 13:24:46,354 [Thread-1:7364] [django.request:118] [exception:handle_uncaught_exception] [ERROR]- Internal Server Error: /api/score/createapplication/
Traceback (most recent call last):
  File "C:\Users\37187\Anaconda3\lib\site-packages\django\core\handlers\exception.py", line 35, in inner
    response = get_response(request)
  File "C:\Users\37187\Anaconda3\lib\site-packages\django\core\handlers\base.py", line 128, in _get_response
    response = self.process_exception_by_middleware(e, request)
  File "C:\Users\37187\Anaconda3\lib\site-packages\django\core\handlers\base.py", line 126, in _get_response
    response = wrapped_callback(request, *callback_args, **callback_kwargs)
  File "C:\Users\37187\Anaconda3\lib\site-packages\django\views\decorators\csrf.py", line 54, in wrapped_view
    return view_func(*args, **kwargs)
  File "C:\Users\37187\Anaconda3\lib\site-packages\django\views\generic\base.py", line 69, in view
    return self.dispatch(request, *args, **kwargs)
  File "C:\Users\37187\Anaconda3\lib\site-packages\rest_framework\views.py", line 483, in dispatch
    response = self.handle_exception(exc)
  File "C:\Users\37187\Anaconda3\lib\site-packages\rest_framework\views.py", line 443, in handle_exception
    self.raise_uncaught_exception(exc)
  File "C:\Users\37187\Anaconda3\lib\site-packages\rest_framework\views.py", line 480, in dispatch
    response = handler(request, *args, **kwargs)
  File "C:\Users\37187\Anaconda3\lib\site-packages\rest_framework\decorators.py", line 53, in handler
    return func(*args, **kwargs)
  File "D:\课程\软件工程\TSS\SE-TSS\backend\score_management\views.py", line 88, in apply_create
    student=Student.objects.get(username_id=request["sid"])
TypeError: 'Request' object is not subscriptable
2018-06-19 13:24:46,706 [Thread-1:7364] [django.server:124] [basehttp:log_message] [ERROR]- "POST /api/score/createapplication/ HTTP/1.1" 500 22305
2018-06-19 13:25:14,703 [Thread-3:11484] [django.request:118] [exception:handle_uncaught_exception] [ERROR]- Internal Server Error: /api/score/createapplication/
Traceback (most recent call last):
  File "C:\Users\37187\Anaconda3\lib\site-packages\django\core\handlers\exception.py", line 35, in inner
    response = get_response(request)
  File "C:\Users\37187\Anaconda3\lib\site-packages\django\core\handlers\base.py", line 128, in _get_response
    response = self.process_exception_by_middleware(e, request)
  File "C:\Users\37187\Anaconda3\lib\site-packages\django\core\handlers\base.py", line 126, in _get_response
    response = wrapped_callback(request, *callback_args, **callback_kwargs)
  File "C:\Users\37187\Anaconda3\lib\site-packages\django\views\decorators\csrf.py", line 54, in wrapped_view
    return view_func(*args, **kwargs)
  File "C:\Users\37187\Anaconda3\lib\site-packages\django\views\generic\base.py", line 69, in view
    return self.dispatch(request, *args, **kwargs)
  File "C:\Users\37187\Anaconda3\lib\site-packages\rest_framework\views.py", line 483, in dispatch
    response = self.handle_exception(exc)
  File "C:\Users\37187\Anaconda3\lib\site-packages\rest_framework\views.py", line 443, in handle_exception
    self.raise_uncaught_exception(exc)
  File "C:\Users\37187\Anaconda3\lib\site-packages\rest_framework\views.py", line 480, in dispatch
    response = handler(request, *args, **kwargs)
  File "C:\Users\37187\Anaconda3\lib\site-packages\rest_framework\decorators.py", line 53, in handler
    return func(*args, **kwargs)
  File "D:\课程\软件工程\TSS\SE-TSS\backend\score_management\views.py", line 88, in apply_create
    student=Student.objects.get(username_id=request.data["sid"])
TypeError: 'Request' object is not subscriptable
2018-06-19 13:25:14,758 [Thread-3:11484] [django.server:124] [basehttp:log_message] [ERROR]- "POST /api/score/createapplication/ HTTP/1.1" 500 22310
2018-06-19 13:25:25,044 [Thread-1:10780] [django.request:118] [exception:handle_uncaught_exception] [ERROR]- Internal Server Error: /api/score/createapplication/
Traceback (most recent call last):
  File "C:\Users\37187\Anaconda3\lib\site-packages\django\core\handlers\exception.py", line 35, in inner
    response = get_response(request)
  File "C:\Users\37187\Anaconda3\lib\site-packages\django\core\handlers\base.py", line 128, in _get_response
    response = self.process_exception_by_middleware(e, request)
  File "C:\Users\37187\Anaconda3\lib\site-packages\django\core\handlers\base.py", line 126, in _get_response
    response = wrapped_callback(request, *callback_args, **callback_kwargs)
  File "C:\Users\37187\Anaconda3\lib\site-packages\django\views\decorators\csrf.py", line 54, in wrapped_view
    return view_func(*args, **kwargs)
  File "C:\Users\37187\Anaconda3\lib\site-packages\django\views\generic\base.py", line 69, in view
    return self.dispatch(request, *args, **kwargs)
  File "C:\Users\37187\Anaconda3\lib\site-packages\rest_framework\views.py", line 485, in dispatch
    self.response = self.finalize_response(request, response, *args, **kwargs)
  File "C:\Users\37187\Anaconda3\lib\site-packages\rest_framework\views.py", line 400, in finalize_response
    % type(response)
AssertionError: Expected a `Response`, `HttpResponse` or `HttpStreamingResponse` to be returned from the view, but received a `<class 'NoneType'>`
2018-06-19 13:25:25,197 [Thread-1:10780] [django.server:124] [basehttp:log_message] [ERROR]- "POST /api/score/createapplication/ HTTP/1.1" 500 90787
2018-06-19 13:26:32,697 [Thread-1:10788] [django.server:124] [basehttp:log_message] [INFO]- "POST /api/score/createapplication/ HTTP/1.1" 200 1
2018-06-19 13:26:49,419 [Thread-3:11964] [django.server:124] [basehttp:log_message] [INFO]- "POST /api/score/createapplication/ HTTP/1.1" 200 1
2018-06-19 13:26:55,562 [Thread-1:656] [django.server:124] [basehttp:log_message] [INFO]- "POST /api/score/createapplication/ HTTP/1.1" 200 8
2018-06-19 13:27:47,201 [Thread-1:1988] [django.server:124] [basehttp:log_message] [INFO]- "POST /api/score/createapplication/ HTTP/1.1" 200 29
2018-06-19 13:29:22,388 [Thread-1:9732] [django.request:118] [exception:handle_uncaught_exception] [ERROR]- Internal Server Error: /api/score/createapplication/
Traceback (most recent call last):
  File "C:\Users\37187\Anaconda3\lib\site-packages\django\core\handlers\exception.py", line 35, in inner
    response = get_response(request)
  File "C:\Users\37187\Anaconda3\lib\site-packages\django\core\handlers\base.py", line 128, in _get_response
    response = self.process_exception_by_middleware(e, request)
  File "C:\Users\37187\Anaconda3\lib\site-packages\django\core\handlers\base.py", line 126, in _get_response
    response = wrapped_callback(request, *callback_args, **callback_kwargs)
  File "C:\Users\37187\Anaconda3\lib\site-packages\django\views\decorators\csrf.py", line 54, in wrapped_view
    return view_func(*args, **kwargs)
  File "C:\Users\37187\Anaconda3\lib\site-packages\django\views\generic\base.py", line 69, in view
    return self.dispatch(request, *args, **kwargs)
  File "C:\Users\37187\Anaconda3\lib\site-packages\rest_framework\views.py", line 485, in dispatch
    self.response = self.finalize_response(request, response, *args, **kwargs)
  File "C:\Users\37187\Anaconda3\lib\site-packages\rest_framework\views.py", line 400, in finalize_response
    % type(response)
AssertionError: Expected a `Response`, `HttpResponse` or `HttpStreamingResponse` to be returned from the view, but received a `<class 'NoneType'>`
2018-06-19 13:29:22,462 [Thread-1:9732] [django.server:124] [basehttp:log_message] [ERROR]- "POST /api/score/createapplication/ HTTP/1.1" 500 90787
2018-06-19 13:54:38,380 [Thread-1:7716] [django.server:124] [basehttp:log_message] [INFO]- "POST /api/score/createapplication/ HTTP/1.1" 200 6
2018-06-19 13:55:03,110 [Thread-3:7256] [django.request:118] [exception:handle_uncaught_exception] [ERROR]- Internal Server Error: /api/score/createapplication/
Traceback (most recent call last):
  File "C:\Users\37187\Anaconda3\lib\site-packages\django\db\backends\utils.py", line 85, in _execute
    return self.cursor.execute(sql, params)
  File "C:\Users\37187\Anaconda3\lib\site-packages\django\db\backends\sqlite3\base.py", line 303, in execute
    return Database.Cursor.execute(self, query, params)
sqlite3.IntegrityError: UNIQUE constraint failed: score_management_application.title

The above exception was the direct cause of the following exception:

Traceback (most recent call last):
  File "C:\Users\37187\Anaconda3\lib\site-packages\django\core\handlers\exception.py", line 35, in inner
    response = get_response(request)
  File "C:\Users\37187\Anaconda3\lib\site-packages\django\core\handlers\base.py", line 128, in _get_response
    response = self.process_exception_by_middleware(e, request)
  File "C:\Users\37187\Anaconda3\lib\site-packages\django\core\handlers\base.py", line 126, in _get_response
    response = wrapped_callback(request, *callback_args, **callback_kwargs)
  File "C:\Users\37187\Anaconda3\lib\site-packages\django\views\decorators\csrf.py", line 54, in wrapped_view
    return view_func(*args, **kwargs)
  File "C:\Users\37187\Anaconda3\lib\site-packages\django\views\generic\base.py", line 69, in view
    return self.dispatch(request, *args, **kwargs)
  File "C:\Users\37187\Anaconda3\lib\site-packages\rest_framework\views.py", line 483, in dispatch
    response = self.handle_exception(exc)
  File "C:\Users\37187\Anaconda3\lib\site-packages\rest_framework\views.py", line 443, in handle_exception
    self.raise_uncaught_exception(exc)
  File "C:\Users\37187\Anaconda3\lib\site-packages\rest_framework\views.py", line 480, in dispatch
    response = handler(request, *args, **kwargs)
  File "C:\Users\37187\Anaconda3\lib\site-packages\rest_framework\decorators.py", line 53, in handler
    return func(*args, **kwargs)
  File "D:\课程\软件工程\TSS\SE-TSS\backend\score_management\views.py", line 92, in apply_create
    application=create(student=student,teacher=teacher,course=course,title="test",apply_des="test_desc")
  File "C:\Users\37187\Anaconda3\lib\site-packages\django\db\models\manager.py", line 82, in manager_method
    return getattr(self.get_queryset(), name)(*args, **kwargs)
  File "C:\Users\37187\Anaconda3\lib\site-packages\django\db\models\query.py", line 417, in create
    obj.save(force_insert=True, using=self.db)
  File "C:\Users\37187\Anaconda3\lib\site-packages\django\db\models\base.py", line 729, in save
    force_update=force_update, update_fields=update_fields)
  File "C:\Users\37187\Anaconda3\lib\site-packages\django\db\models\base.py", line 759, in save_base
    updated = self._save_table(raw, cls, force_insert, force_update, using, update_fields)
  File "C:\Users\37187\Anaconda3\lib\site-packages\django\db\models\base.py", line 842, in _save_table
    result = self._do_insert(cls._base_manager, using, fields, update_pk, raw)
  File "C:\Users\37187\Anaconda3\lib\site-packages\django\db\models\base.py", line 880, in _do_insert
    using=using, raw=raw)
  File "C:\Users\37187\Anaconda3\lib\site-packages\django\db\models\manager.py", line 82, in manager_method
    return getattr(self.get_queryset(), name)(*args, **kwargs)
  File "C:\Users\37187\Anaconda3\lib\site-packages\django\db\models\query.py", line 1125, in _insert
    return query.get_compiler(using=using).execute_sql(return_id)
  File "C:\Users\37187\Anaconda3\lib\site-packages\django\db\models\sql\compiler.py", line 1280, in execute_sql
    cursor.execute(sql, params)
  File "C:\Users\37187\Anaconda3\lib\site-packages\django\db\backends\utils.py", line 100, in execute
    return super().execute(sql, params)
  File "C:\Users\37187\Anaconda3\lib\site-packages\django\db\backends\utils.py", line 68, in execute
    return self._execute_with_wrappers(sql, params, many=False, executor=self._execute)
  File "C:\Users\37187\Anaconda3\lib\site-packages\django\db\backends\utils.py", line 77, in _execute_with_wrappers
    return executor(sql, params, many, context)
  File "C:\Users\37187\Anaconda3\lib\site-packages\django\db\backends\utils.py", line 85, in _execute
    return self.cursor.execute(sql, params)
  File "C:\Users\37187\Anaconda3\lib\site-packages\django\db\utils.py", line 89, in __exit__
    raise dj_exc_value.with_traceback(traceback) from exc_value
  File "C:\Users\37187\Anaconda3\lib\site-packages\django\db\backends\utils.py", line 85, in _execute
    return self.cursor.execute(sql, params)
  File "C:\Users\37187\Anaconda3\lib\site-packages\django\db\backends\sqlite3\base.py", line 303, in execute
    return Database.Cursor.execute(self, query, params)
django.db.utils.IntegrityError: UNIQUE constraint failed: score_management_application.title
2018-06-19 13:55:03,357 [Thread-3:7256] [django.server:124] [basehttp:log_message] [ERROR]- "POST /api/score/createapplication/ HTTP/1.1" 500 25504
2018-06-19 14:01:43,984 [Thread-1:7468] [django.server:124] [basehttp:log_message] [INFO]- "POST /api/score/createapplication/ HTTP/1.1" 200 5
2018-06-19 14:02:06,347 [Thread-3:13804] [django.request:118] [exception:handle_uncaught_exception] [ERROR]- Internal Server Error: /api/score/createapplication/
Traceback (most recent call last):
  File "C:\Users\37187\Anaconda3\lib\site-packages\django\db\models\query.py", line 487, in get_or_create
    return self.get(**lookup), False
  File "C:\Users\37187\Anaconda3\lib\site-packages\django\db\models\query.py", line 403, in get
    self.model._meta.object_name
score_management.models.DoesNotExist: Application matching query does not exist.

During handling of the above exception, another exception occurred:

Traceback (most recent call last):
  File "C:\Users\37187\Anaconda3\lib\site-packages\django\db\backends\utils.py", line 85, in _execute
    return self.cursor.execute(sql, params)
  File "C:\Users\37187\Anaconda3\lib\site-packages\django\db\backends\sqlite3\base.py", line 303, in execute
    return Database.Cursor.execute(self, query, params)
sqlite3.IntegrityError: NOT NULL constraint failed: score_management_application.course_id

The above exception was the direct cause of the following exception:

Traceback (most recent call last):
  File "C:\Users\37187\Anaconda3\lib\site-packages\django\core\handlers\exception.py", line 35, in inner
    response = get_response(request)
  File "C:\Users\37187\Anaconda3\lib\site-packages\django\core\handlers\base.py", line 128, in _get_response
    response = self.process_exception_by_middleware(e, request)
  File "C:\Users\37187\Anaconda3\lib\site-packages\django\core\handlers\base.py", line 126, in _get_response
    response = wrapped_callback(request, *callback_args, **callback_kwargs)
  File "C:\Users\37187\Anaconda3\lib\site-packages\django\views\decorators\csrf.py", line 54, in wrapped_view
    return view_func(*args, **kwargs)
  File "C:\Users\37187\Anaconda3\lib\site-packages\django\views\generic\base.py", line 69, in view
    return self.dispatch(request, *args, **kwargs)
  File "C:\Users\37187\Anaconda3\lib\site-packages\rest_framework\views.py", line 483, in dispatch
    response = self.handle_exception(exc)
  File "C:\Users\37187\Anaconda3\lib\site-packages\rest_framework\views.py", line 443, in handle_exception
    self.raise_uncaught_exception(exc)
  File "C:\Users\37187\Anaconda3\lib\site-packages\rest_framework\views.py", line 480, in dispatch
    response = handler(request, *args, **kwargs)
  File "C:\Users\37187\Anaconda3\lib\site-packages\rest_framework\decorators.py", line 53, in handler
    return func(*args, **kwargs)
  File "D:\课程\软件工程\TSS\SE-TSS\backend\score_management\views.py", line 91, in apply_create
    (application,is_created)=Application.objects.get_or_create(title=request.data["title"])
  File "C:\Users\37187\Anaconda3\lib\site-packages\django\db\models\manager.py", line 82, in manager_method
    return getattr(self.get_queryset(), name)(*args, **kwargs)
  File "C:\Users\37187\Anaconda3\lib\site-packages\django\db\models\query.py", line 489, in get_or_create
    return self._create_object_from_params(lookup, params)
  File "C:\Users\37187\Anaconda3\lib\site-packages\django\db\models\query.py", line 528, in _create_object_from_params
    raise e
  File "C:\Users\37187\Anaconda3\lib\site-packages\django\db\models\query.py", line 521, in _create_object_from_params
    obj = self.create(**params)
  File "C:\Users\37187\Anaconda3\lib\site-packages\django\db\models\query.py", line 417, in create
    obj.save(force_insert=True, using=self.db)
  File "C:\Users\37187\Anaconda3\lib\site-packages\django\db\models\base.py", line 729, in save
    force_update=force_update, update_fields=update_fields)
  File "C:\Users\37187\Anaconda3\lib\site-packages\django\db\models\base.py", line 759, in save_base
    updated = self._save_table(raw, cls, force_insert, force_update, using, update_fields)
  File "C:\Users\37187\Anaconda3\lib\site-packages\django\db\models\base.py", line 842, in _save_table
    result = self._do_insert(cls._base_manager, using, fields, update_pk, raw)
  File "C:\Users\37187\Anaconda3\lib\site-packages\django\db\models\base.py", line 880, in _do_insert
    using=using, raw=raw)
  File "C:\Users\37187\Anaconda3\lib\site-packages\django\db\models\manager.py", line 82, in manager_method
    return getattr(self.get_queryset(), name)(*args, **kwargs)
  File "C:\Users\37187\Anaconda3\lib\site-packages\django\db\models\query.py", line 1125, in _insert
    return query.get_compiler(using=using).execute_sql(return_id)
  File "C:\Users\37187\Anaconda3\lib\site-packages\django\db\models\sql\compiler.py", line 1280, in execute_sql
    cursor.execute(sql, params)
  File "C:\Users\37187\Anaconda3\lib\site-packages\django\db\backends\utils.py", line 100, in execute
    return super().execute(sql, params)
  File "C:\Users\37187\Anaconda3\lib\site-packages\django\db\backends\utils.py", line 68, in execute
    return self._execute_with_wrappers(sql, params, many=False, executor=self._execute)
  File "C:\Users\37187\Anaconda3\lib\site-packages\django\db\backends\utils.py", line 77, in _execute_with_wrappers
    return executor(sql, params, many, context)
  File "C:\Users\37187\Anaconda3\lib\site-packages\django\db\backends\utils.py", line 85, in _execute
    return self.cursor.execute(sql, params)
  File "C:\Users\37187\Anaconda3\lib\site-packages\django\db\utils.py", line 89, in __exit__
    raise dj_exc_value.with_traceback(traceback) from exc_value
  File "C:\Users\37187\Anaconda3\lib\site-packages\django\db\backends\utils.py", line 85, in _execute
    return self.cursor.execute(sql, params)
  File "C:\Users\37187\Anaconda3\lib\site-packages\django\db\backends\sqlite3\base.py", line 303, in execute
    return Database.Cursor.execute(self, query, params)
django.db.utils.IntegrityError: NOT NULL constraint failed: score_management_application.course_id
2018-06-19 14:02:06,402 [Thread-3:13804] [django.server:124] [basehttp:log_message] [ERROR]- "POST /api/score/createapplication/ HTTP/1.1" 500 26365
2018-06-19 14:02:50,425 [Thread-4:14220] [django.request:118] [exception:handle_uncaught_exception] [ERROR]- Internal Server Error: /api/score/createapplication/
Traceback (most recent call last):
  File "C:\Users\37187\Anaconda3\lib\site-packages\django\db\models\query.py", line 487, in get_or_create
    return self.get(**lookup), False
  File "C:\Users\37187\Anaconda3\lib\site-packages\django\db\models\query.py", line 403, in get
    self.model._meta.object_name
score_management.models.DoesNotExist: Application matching query does not exist.

During handling of the above exception, another exception occurred:

Traceback (most recent call last):
  File "C:\Users\37187\Anaconda3\lib\site-packages\django\db\backends\utils.py", line 85, in _execute
    return self.cursor.execute(sql, params)
  File "C:\Users\37187\Anaconda3\lib\site-packages\django\db\backends\sqlite3\base.py", line 303, in execute
    return Database.Cursor.execute(self, query, params)
sqlite3.IntegrityError: NOT NULL constraint failed: score_management_application.course_id

The above exception was the direct cause of the following exception:

Traceback (most recent call last):
  File "C:\Users\37187\Anaconda3\lib\site-packages\django\core\handlers\exception.py", line 35, in inner
    response = get_response(request)
  File "C:\Users\37187\Anaconda3\lib\site-packages\django\core\handlers\base.py", line 128, in _get_response
    response = self.process_exception_by_middleware(e, request)
  File "C:\Users\37187\Anaconda3\lib\site-packages\django\core\handlers\base.py", line 126, in _get_response
    response = wrapped_callback(request, *callback_args, **callback_kwargs)
  File "C:\Users\37187\Anaconda3\lib\site-packages\django\views\decorators\csrf.py", line 54, in wrapped_view
    return view_func(*args, **kwargs)
  File "C:\Users\37187\Anaconda3\lib\site-packages\django\views\generic\base.py", line 69, in view
    return self.dispatch(request, *args, **kwargs)
  File "C:\Users\37187\Anaconda3\lib\site-packages\rest_framework\views.py", line 483, in dispatch
    response = self.handle_exception(exc)
  File "C:\Users\37187\Anaconda3\lib\site-packages\rest_framework\views.py", line 443, in handle_exception
    self.raise_uncaught_exception(exc)
  File "C:\Users\37187\Anaconda3\lib\site-packages\rest_framework\views.py", line 480, in dispatch
    response = handler(request, *args, **kwargs)
  File "C:\Users\37187\Anaconda3\lib\site-packages\rest_framework\decorators.py", line 53, in handler
    return func(*args, **kwargs)
  File "D:\课程\软件工程\TSS\SE-TSS\backend\score_management\views.py", line 91, in apply_create
    (application,is_created)=Application.objects.get_or_create(title=request.data["title"])
  File "C:\Users\37187\Anaconda3\lib\site-packages\django\db\models\manager.py", line 82, in manager_method
    return getattr(self.get_queryset(), name)(*args, **kwargs)
  File "C:\Users\37187\Anaconda3\lib\site-packages\django\db\models\query.py", line 489, in get_or_create
    return self._create_object_from_params(lookup, params)
  File "C:\Users\37187\Anaconda3\lib\site-packages\django\db\models\query.py", line 528, in _create_object_from_params
    raise e
  File "C:\Users\37187\Anaconda3\lib\site-packages\django\db\models\query.py", line 521, in _create_object_from_params
    obj = self.create(**params)
  File "C:\Users\37187\Anaconda3\lib\site-packages\django\db\models\query.py", line 417, in create
    obj.save(force_insert=True, using=self.db)
  File "C:\Users\37187\Anaconda3\lib\site-packages\django\db\models\base.py", line 729, in save
    force_update=force_update, update_fields=update_fields)
  File "C:\Users\37187\Anaconda3\lib\site-packages\django\db\models\base.py", line 759, in save_base
    updated = self._save_table(raw, cls, force_insert, force_update, using, update_fields)
  File "C:\Users\37187\Anaconda3\lib\site-packages\django\db\models\base.py", line 842, in _save_table
    result = self._do_insert(cls._base_manager, using, fields, update_pk, raw)
  File "C:\Users\37187\Anaconda3\lib\site-packages\django\db\models\base.py", line 880, in _do_insert
    using=using, raw=raw)
  File "C:\Users\37187\Anaconda3\lib\site-packages\django\db\models\manager.py", line 82, in manager_method
    return getattr(self.get_queryset(), name)(*args, **kwargs)
  File "C:\Users\37187\Anaconda3\lib\site-packages\django\db\models\query.py", line 1125, in _insert
    return query.get_compiler(using=using).execute_sql(return_id)
  File "C:\Users\37187\Anaconda3\lib\site-packages\django\db\models\sql\compiler.py", line 1280, in execute_sql
    cursor.execute(sql, params)
  File "C:\Users\37187\Anaconda3\lib\site-packages\django\db\backends\utils.py", line 100, in execute
    return super().execute(sql, params)
  File "C:\Users\37187\Anaconda3\lib\site-packages\django\db\backends\utils.py", line 68, in execute
    return self._execute_with_wrappers(sql, params, many=False, executor=self._execute)
  File "C:\Users\37187\Anaconda3\lib\site-packages\django\db\backends\utils.py", line 77, in _execute_with_wrappers
    return executor(sql, params, many, context)
  File "C:\Users\37187\Anaconda3\lib\site-packages\django\db\backends\utils.py", line 85, in _execute
    return self.cursor.execute(sql, params)
  File "C:\Users\37187\Anaconda3\lib\site-packages\django\db\utils.py", line 89, in __exit__
    raise dj_exc_value.with_traceback(traceback) from exc_value
  File "C:\Users\37187\Anaconda3\lib\site-packages\django\db\backends\utils.py", line 85, in _execute
    return self.cursor.execute(sql, params)
  File "C:\Users\37187\Anaconda3\lib\site-packages\django\db\backends\sqlite3\base.py", line 303, in execute
    return Database.Cursor.execute(self, query, params)
django.db.utils.IntegrityError: NOT NULL constraint failed: score_management_application.course_id
2018-06-19 14:02:50,476 [Thread-4:14220] [django.server:124] [basehttp:log_message] [ERROR]- "POST /api/score/createapplication/ HTTP/1.1" 500 26365
2018-06-19 14:17:00,763 [Thread-1:3480] [django.request:118] [exception:handle_uncaught_exception] [ERROR]- Internal Server Error: /api/score/createapplication/
Traceback (most recent call last):
  File "C:\Users\37187\Anaconda3\lib\site-packages\django\db\models\query.py", line 487, in get_or_create
    return self.get(**lookup), False
  File "C:\Users\37187\Anaconda3\lib\site-packages\django\db\models\query.py", line 403, in get
    self.model._meta.object_name
score_management.models.DoesNotExist: Application matching query does not exist.

During handling of the above exception, another exception occurred:

Traceback (most recent call last):
  File "C:\Users\37187\Anaconda3\lib\site-packages\django\db\backends\utils.py", line 85, in _execute
    return self.cursor.execute(sql, params)
  File "C:\Users\37187\Anaconda3\lib\site-packages\django\db\backends\sqlite3\base.py", line 303, in execute
    return Database.Cursor.execute(self, query, params)
sqlite3.IntegrityError: NOT NULL constraint failed: score_management_application.course_id

The above exception was the direct cause of the following exception:

Traceback (most recent call last):
  File "C:\Users\37187\Anaconda3\lib\site-packages\django\core\handlers\exception.py", line 35, in inner
    response = get_response(request)
  File "C:\Users\37187\Anaconda3\lib\site-packages\django\core\handlers\base.py", line 128, in _get_response
    response = self.process_exception_by_middleware(e, request)
  File "C:\Users\37187\Anaconda3\lib\site-packages\django\core\handlers\base.py", line 126, in _get_response
    response = wrapped_callback(request, *callback_args, **callback_kwargs)
  File "C:\Users\37187\Anaconda3\lib\site-packages\django\views\decorators\csrf.py", line 54, in wrapped_view
    return view_func(*args, **kwargs)
  File "C:\Users\37187\Anaconda3\lib\site-packages\django\views\generic\base.py", line 69, in view
    return self.dispatch(request, *args, **kwargs)
  File "C:\Users\37187\Anaconda3\lib\site-packages\rest_framework\views.py", line 483, in dispatch
    response = self.handle_exception(exc)
  File "C:\Users\37187\Anaconda3\lib\site-packages\rest_framework\views.py", line 443, in handle_exception
    self.raise_uncaught_exception(exc)
  File "C:\Users\37187\Anaconda3\lib\site-packages\rest_framework\views.py", line 480, in dispatch
    response = handler(request, *args, **kwargs)
  File "C:\Users\37187\Anaconda3\lib\site-packages\rest_framework\decorators.py", line 53, in handler
    return func(*args, **kwargs)
  File "D:\课程\软件工程\TSS\SE-TSS\backend\score_management\views.py", line 91, in apply_create
    (application,is_created)=Application.objects.get_or_create(title=request.data["title"])
  File "C:\Users\37187\Anaconda3\lib\site-packages\django\db\models\manager.py", line 82, in manager_method
    return getattr(self.get_queryset(), name)(*args, **kwargs)
  File "C:\Users\37187\Anaconda3\lib\site-packages\django\db\models\query.py", line 489, in get_or_create
    return self._create_object_from_params(lookup, params)
  File "C:\Users\37187\Anaconda3\lib\site-packages\django\db\models\query.py", line 528, in _create_object_from_params
    raise e
  File "C:\Users\37187\Anaconda3\lib\site-packages\django\db\models\query.py", line 521, in _create_object_from_params
    obj = self.create(**params)
  File "C:\Users\37187\Anaconda3\lib\site-packages\django\db\models\query.py", line 417, in create
    obj.save(force_insert=True, using=self.db)
  File "C:\Users\37187\Anaconda3\lib\site-packages\django\db\models\base.py", line 729, in save
    force_update=force_update, update_fields=update_fields)
  File "C:\Users\37187\Anaconda3\lib\site-packages\django\db\models\base.py", line 759, in save_base
    updated = self._save_table(raw, cls, force_insert, force_update, using, update_fields)
  File "C:\Users\37187\Anaconda3\lib\site-packages\django\db\models\base.py", line 842, in _save_table
    result = self._do_insert(cls._base_manager, using, fields, update_pk, raw)
  File "C:\Users\37187\Anaconda3\lib\site-packages\django\db\models\base.py", line 880, in _do_insert
    using=using, raw=raw)
  File "C:\Users\37187\Anaconda3\lib\site-packages\django\db\models\manager.py", line 82, in manager_method
    return getattr(self.get_queryset(), name)(*args, **kwargs)
  File "C:\Users\37187\Anaconda3\lib\site-packages\django\db\models\query.py", line 1125, in _insert
    return query.get_compiler(using=using).execute_sql(return_id)
  File "C:\Users\37187\Anaconda3\lib\site-packages\django\db\models\sql\compiler.py", line 1280, in execute_sql
    cursor.execute(sql, params)
  File "C:\Users\37187\Anaconda3\lib\site-packages\django\db\backends\utils.py", line 100, in execute
    return super().execute(sql, params)
  File "C:\Users\37187\Anaconda3\lib\site-packages\django\db\backends\utils.py", line 68, in execute
    return self._execute_with_wrappers(sql, params, many=False, executor=self._execute)
  File "C:\Users\37187\Anaconda3\lib\site-packages\django\db\backends\utils.py", line 77, in _execute_with_wrappers
    return executor(sql, params, many, context)
  File "C:\Users\37187\Anaconda3\lib\site-packages\django\db\backends\utils.py", line 85, in _execute
    return self.cursor.execute(sql, params)
  File "C:\Users\37187\Anaconda3\lib\site-packages\django\db\utils.py", line 89, in __exit__
    raise dj_exc_value.with_traceback(traceback) from exc_value
  File "C:\Users\37187\Anaconda3\lib\site-packages\django\db\backends\utils.py", line 85, in _execute
    return self.cursor.execute(sql, params)
  File "C:\Users\37187\Anaconda3\lib\site-packages\django\db\backends\sqlite3\base.py", line 303, in execute
    return Database.Cursor.execute(self, query, params)
django.db.utils.IntegrityError: NOT NULL constraint failed: score_management_application.course_id
2018-06-19 14:17:00,843 [Thread-1:3480] [django.server:124] [basehttp:log_message] [ERROR]- "POST /api/score/createapplication/ HTTP/1.1" 500 26365
2018-06-19 14:17:37,959 [Thread-1:6640] [django.server:124] [basehttp:log_message] [INFO]- "POST /api/score/createapplication/ HTTP/1.1" 200 5
2018-06-19 14:17:52,397 [Thread-1:10588] [django.server:124] [basehttp:log_message] [INFO]- "POST /api/score/createapplication/ HTTP/1.1" 200 5
2018-06-19 14:18:11,586 [Thread-3:14172] [django.server:124] [basehttp:log_message] [INFO]- "POST /api/score/createapplication/ HTTP/1.1" 200 5
2018-06-19 14:18:18,688 [Thread-1:9796] [django.request:118] [exception:handle_uncaught_exception] [ERROR]- Internal Server Error: /api/score/createapplication/
Traceback (most recent call last):
  File "C:\Users\37187\Anaconda3\lib\site-packages\django\db\models\query.py", line 487, in get_or_create
    return self.get(**lookup), False
  File "C:\Users\37187\Anaconda3\lib\site-packages\django\db\models\query.py", line 403, in get
    self.model._meta.object_name
score_management.models.DoesNotExist: Application matching query does not exist.

During handling of the above exception, another exception occurred:

Traceback (most recent call last):
  File "C:\Users\37187\Anaconda3\lib\site-packages\django\db\backends\utils.py", line 85, in _execute
    return self.cursor.execute(sql, params)
  File "C:\Users\37187\Anaconda3\lib\site-packages\django\db\backends\sqlite3\base.py", line 303, in execute
    return Database.Cursor.execute(self, query, params)
sqlite3.IntegrityError: NOT NULL constraint failed: score_management_application.course_id

The above exception was the direct cause of the following exception:

Traceback (most recent call last):
  File "C:\Users\37187\Anaconda3\lib\site-packages\django\core\handlers\exception.py", line 35, in inner
    response = get_response(request)
  File "C:\Users\37187\Anaconda3\lib\site-packages\django\core\handlers\base.py", line 128, in _get_response
    response = self.process_exception_by_middleware(e, request)
  File "C:\Users\37187\Anaconda3\lib\site-packages\django\core\handlers\base.py", line 126, in _get_response
    response = wrapped_callback(request, *callback_args, **callback_kwargs)
  File "C:\Users\37187\Anaconda3\lib\site-packages\django\views\decorators\csrf.py", line 54, in wrapped_view
    return view_func(*args, **kwargs)
  File "C:\Users\37187\Anaconda3\lib\site-packages\django\views\generic\base.py", line 69, in view
    return self.dispatch(request, *args, **kwargs)
  File "C:\Users\37187\Anaconda3\lib\site-packages\rest_framework\views.py", line 483, in dispatch
    response = self.handle_exception(exc)
  File "C:\Users\37187\Anaconda3\lib\site-packages\rest_framework\views.py", line 443, in handle_exception
    self.raise_uncaught_exception(exc)
  File "C:\Users\37187\Anaconda3\lib\site-packages\rest_framework\views.py", line 480, in dispatch
    response = handler(request, *args, **kwargs)
  File "C:\Users\37187\Anaconda3\lib\site-packages\rest_framework\decorators.py", line 53, in handler
    return func(*args, **kwargs)
  File "D:\课程\软件工程\TSS\SE-TSS\backend\score_management\views.py", line 90, in apply_create
    (application,is_created)=Application.objects.get_or_create(title=request.data["title"])
  File "C:\Users\37187\Anaconda3\lib\site-packages\django\db\models\manager.py", line 82, in manager_method
    return getattr(self.get_queryset(), name)(*args, **kwargs)
  File "C:\Users\37187\Anaconda3\lib\site-packages\django\db\models\query.py", line 489, in get_or_create
    return self._create_object_from_params(lookup, params)
  File "C:\Users\37187\Anaconda3\lib\site-packages\django\db\models\query.py", line 528, in _create_object_from_params
    raise e
  File "C:\Users\37187\Anaconda3\lib\site-packages\django\db\models\query.py", line 521, in _create_object_from_params
    obj = self.create(**params)
  File "C:\Users\37187\Anaconda3\lib\site-packages\django\db\models\query.py", line 417, in create
    obj.save(force_insert=True, using=self.db)
  File "C:\Users\37187\Anaconda3\lib\site-packages\django\db\models\base.py", line 729, in save
    force_update=force_update, update_fields=update_fields)
  File "C:\Users\37187\Anaconda3\lib\site-packages\django\db\models\base.py", line 759, in save_base
    updated = self._save_table(raw, cls, force_insert, force_update, using, update_fields)
  File "C:\Users\37187\Anaconda3\lib\site-packages\django\db\models\base.py", line 842, in _save_table
    result = self._do_insert(cls._base_manager, using, fields, update_pk, raw)
  File "C:\Users\37187\Anaconda3\lib\site-packages\django\db\models\base.py", line 880, in _do_insert
    using=using, raw=raw)
  File "C:\Users\37187\Anaconda3\lib\site-packages\django\db\models\manager.py", line 82, in manager_method
    return getattr(self.get_queryset(), name)(*args, **kwargs)
  File "C:\Users\37187\Anaconda3\lib\site-packages\django\db\models\query.py", line 1125, in _insert
    return query.get_compiler(using=using).execute_sql(return_id)
  File "C:\Users\37187\Anaconda3\lib\site-packages\django\db\models\sql\compiler.py", line 1280, in execute_sql
    cursor.execute(sql, params)
  File "C:\Users\37187\Anaconda3\lib\site-packages\django\db\backends\utils.py", line 100, in execute
    return super().execute(sql, params)
  File "C:\Users\37187\Anaconda3\lib\site-packages\django\db\backends\utils.py", line 68, in execute
    return self._execute_with_wrappers(sql, params, many=False, executor=self._execute)
  File "C:\Users\37187\Anaconda3\lib\site-packages\django\db\backends\utils.py", line 77, in _execute_with_wrappers
    return executor(sql, params, many, context)
  File "C:\Users\37187\Anaconda3\lib\site-packages\django\db\backends\utils.py", line 85, in _execute
    return self.cursor.execute(sql, params)
  File "C:\Users\37187\Anaconda3\lib\site-packages\django\db\utils.py", line 89, in __exit__
    raise dj_exc_value.with_traceback(traceback) from exc_value
  File "C:\Users\37187\Anaconda3\lib\site-packages\django\db\backends\utils.py", line 85, in _execute
    return self.cursor.execute(sql, params)
  File "C:\Users\37187\Anaconda3\lib\site-packages\django\db\backends\sqlite3\base.py", line 303, in execute
    return Database.Cursor.execute(self, query, params)
django.db.utils.IntegrityError: NOT NULL constraint failed: score_management_application.course_id
2018-06-19 14:18:18,787 [Thread-1:9796] [django.server:124] [basehttp:log_message] [ERROR]- "POST /api/score/createapplication/ HTTP/1.1" 500 26365
2018-06-19 14:18:47,715 [Thread-3:12796] [django.request:118] [exception:handle_uncaught_exception] [ERROR]- Internal Server Error: /api/score/createapplication/
Traceback (most recent call last):
  File "C:\Users\37187\Anaconda3\lib\site-packages\django\db\models\query.py", line 487, in get_or_create
    return self.get(**lookup), False
  File "C:\Users\37187\Anaconda3\lib\site-packages\django\db\models\query.py", line 403, in get
    self.model._meta.object_name
score_management.models.DoesNotExist: Application matching query does not exist.

During handling of the above exception, another exception occurred:

Traceback (most recent call last):
  File "C:\Users\37187\Anaconda3\lib\site-packages\django\db\backends\utils.py", line 85, in _execute
    return self.cursor.execute(sql, params)
  File "C:\Users\37187\Anaconda3\lib\site-packages\django\db\backends\sqlite3\base.py", line 303, in execute
    return Database.Cursor.execute(self, query, params)
sqlite3.IntegrityError: NOT NULL constraint failed: score_management_application.course_id

The above exception was the direct cause of the following exception:

Traceback (most recent call last):
  File "C:\Users\37187\Anaconda3\lib\site-packages\django\core\handlers\exception.py", line 35, in inner
    response = get_response(request)
  File "C:\Users\37187\Anaconda3\lib\site-packages\django\core\handlers\base.py", line 128, in _get_response
    response = self.process_exception_by_middleware(e, request)
  File "C:\Users\37187\Anaconda3\lib\site-packages\django\core\handlers\base.py", line 126, in _get_response
    response = wrapped_callback(request, *callback_args, **callback_kwargs)
  File "C:\Users\37187\Anaconda3\lib\site-packages\django\views\decorators\csrf.py", line 54, in wrapped_view
    return view_func(*args, **kwargs)
  File "C:\Users\37187\Anaconda3\lib\site-packages\django\views\generic\base.py", line 69, in view
    return self.dispatch(request, *args, **kwargs)
  File "C:\Users\37187\Anaconda3\lib\site-packages\rest_framework\views.py", line 483, in dispatch
    response = self.handle_exception(exc)
  File "C:\Users\37187\Anaconda3\lib\site-packages\rest_framework\views.py", line 443, in handle_exception
    self.raise_uncaught_exception(exc)
  File "C:\Users\37187\Anaconda3\lib\site-packages\rest_framework\views.py", line 480, in dispatch
    response = handler(request, *args, **kwargs)
  File "C:\Users\37187\Anaconda3\lib\site-packages\rest_framework\decorators.py", line 53, in handler
    return func(*args, **kwargs)
  File "D:\课程\软件工程\TSS\SE-TSS\backend\score_management\views.py", line 90, in apply_create
    (application,is_created)=Application.objects.get_or_create(title=request.data["title"])
  File "C:\Users\37187\Anaconda3\lib\site-packages\django\db\models\manager.py", line 82, in manager_method
    return getattr(self.get_queryset(), name)(*args, **kwargs)
  File "C:\Users\37187\Anaconda3\lib\site-packages\django\db\models\query.py", line 489, in get_or_create
    return self._create_object_from_params(lookup, params)
  File "C:\Users\37187\Anaconda3\lib\site-packages\django\db\models\query.py", line 528, in _create_object_from_params
    raise e
  File "C:\Users\37187\Anaconda3\lib\site-packages\django\db\models\query.py", line 521, in _create_object_from_params
    obj = self.create(**params)
  File "C:\Users\37187\Anaconda3\lib\site-packages\django\db\models\query.py", line 417, in create
    obj.save(force_insert=True, using=self.db)
  File "C:\Users\37187\Anaconda3\lib\site-packages\django\db\models\base.py", line 729, in save
    force_update=force_update, update_fields=update_fields)
  File "C:\Users\37187\Anaconda3\lib\site-packages\django\db\models\base.py", line 759, in save_base
    updated = self._save_table(raw, cls, force_insert, force_update, using, update_fields)
  File "C:\Users\37187\Anaconda3\lib\site-packages\django\db\models\base.py", line 842, in _save_table
    result = self._do_insert(cls._base_manager, using, fields, update_pk, raw)
  File "C:\Users\37187\Anaconda3\lib\site-packages\django\db\models\base.py", line 880, in _do_insert
    using=using, raw=raw)
  File "C:\Users\37187\Anaconda3\lib\site-packages\django\db\models\manager.py", line 82, in manager_method
    return getattr(self.get_queryset(), name)(*args, **kwargs)
  File "C:\Users\37187\Anaconda3\lib\site-packages\django\db\models\query.py", line 1125, in _insert
    return query.get_compiler(using=using).execute_sql(return_id)
  File "C:\Users\37187\Anaconda3\lib\site-packages\django\db\models\sql\compiler.py", line 1280, in execute_sql
    cursor.execute(sql, params)
  File "C:\Users\37187\Anaconda3\lib\site-packages\django\db\backends\utils.py", line 100, in execute
    return super().execute(sql, params)
  File "C:\Users\37187\Anaconda3\lib\site-packages\django\db\backends\utils.py", line 68, in execute
    return self._execute_with_wrappers(sql, params, many=False, executor=self._execute)
  File "C:\Users\37187\Anaconda3\lib\site-packages\django\db\backends\utils.py", line 77, in _execute_with_wrappers
    return executor(sql, params, many, context)
  File "C:\Users\37187\Anaconda3\lib\site-packages\django\db\backends\utils.py", line 85, in _execute
    return self.cursor.execute(sql, params)
  File "C:\Users\37187\Anaconda3\lib\site-packages\django\db\utils.py", line 89, in __exit__
    raise dj_exc_value.with_traceback(traceback) from exc_value
  File "C:\Users\37187\Anaconda3\lib\site-packages\django\db\backends\utils.py", line 85, in _execute
    return self.cursor.execute(sql, params)
  File "C:\Users\37187\Anaconda3\lib\site-packages\django\db\backends\sqlite3\base.py", line 303, in execute
    return Database.Cursor.execute(self, query, params)
django.db.utils.IntegrityError: NOT NULL constraint failed: score_management_application.course_id
2018-06-19 14:18:47,766 [Thread-3:12796] [django.server:124] [basehttp:log_message] [ERROR]- "POST /api/score/createapplication/ HTTP/1.1" 500 26365
2018-06-19 14:18:53,654 [Thread-1:9416] [django.request:118] [exception:handle_uncaught_exception] [ERROR]- Internal Server Error: /api/score/createapplication/
Traceback (most recent call last):
  File "C:\Users\37187\Anaconda3\lib\site-packages\django\db\models\query.py", line 487, in get_or_create
    return self.get(**lookup), False
  File "C:\Users\37187\Anaconda3\lib\site-packages\django\db\models\query.py", line 403, in get
    self.model._meta.object_name
score_management.models.DoesNotExist: Application matching query does not exist.

During handling of the above exception, another exception occurred:

Traceback (most recent call last):
  File "C:\Users\37187\Anaconda3\lib\site-packages\django\db\backends\utils.py", line 85, in _execute
    return self.cursor.execute(sql, params)
  File "C:\Users\37187\Anaconda3\lib\site-packages\django\db\backends\sqlite3\base.py", line 303, in execute
    return Database.Cursor.execute(self, query, params)
sqlite3.IntegrityError: NOT NULL constraint failed: score_management_application.course_id

The above exception was the direct cause of the following exception:

Traceback (most recent call last):
  File "C:\Users\37187\Anaconda3\lib\site-packages\django\core\handlers\exception.py", line 35, in inner
    response = get_response(request)
  File "C:\Users\37187\Anaconda3\lib\site-packages\django\core\handlers\base.py", line 128, in _get_response
    response = self.process_exception_by_middleware(e, request)
  File "C:\Users\37187\Anaconda3\lib\site-packages\django\core\handlers\base.py", line 126, in _get_response
    response = wrapped_callback(request, *callback_args, **callback_kwargs)
  File "C:\Users\37187\Anaconda3\lib\site-packages\django\views\decorators\csrf.py", line 54, in wrapped_view
    return view_func(*args, **kwargs)
  File "C:\Users\37187\Anaconda3\lib\site-packages\django\views\generic\base.py", line 69, in view
    return self.dispatch(request, *args, **kwargs)
  File "C:\Users\37187\Anaconda3\lib\site-packages\rest_framework\views.py", line 483, in dispatch
    response = self.handle_exception(exc)
  File "C:\Users\37187\Anaconda3\lib\site-packages\rest_framework\views.py", line 443, in handle_exception
    self.raise_uncaught_exception(exc)
  File "C:\Users\37187\Anaconda3\lib\site-packages\rest_framework\views.py", line 480, in dispatch
    response = handler(request, *args, **kwargs)
  File "C:\Users\37187\Anaconda3\lib\site-packages\rest_framework\decorators.py", line 53, in handler
    return func(*args, **kwargs)
  File "D:\课程\软件工程\TSS\SE-TSS\backend\score_management\views.py", line 90, in apply_create
    (application,is_created)=Application.objects.get_or_create(title=request.data["title"])
  File "C:\Users\37187\Anaconda3\lib\site-packages\django\db\models\manager.py", line 82, in manager_method
    return getattr(self.get_queryset(), name)(*args, **kwargs)
  File "C:\Users\37187\Anaconda3\lib\site-packages\django\db\models\query.py", line 489, in get_or_create
    return self._create_object_from_params(lookup, params)
  File "C:\Users\37187\Anaconda3\lib\site-packages\django\db\models\query.py", line 528, in _create_object_from_params
    raise e
  File "C:\Users\37187\Anaconda3\lib\site-packages\django\db\models\query.py", line 521, in _create_object_from_params
    obj = self.create(**params)
  File "C:\Users\37187\Anaconda3\lib\site-packages\django\db\models\query.py", line 417, in create
    obj.save(force_insert=True, using=self.db)
  File "C:\Users\37187\Anaconda3\lib\site-packages\django\db\models\base.py", line 729, in save
    force_update=force_update, update_fields=update_fields)
  File "C:\Users\37187\Anaconda3\lib\site-packages\django\db\models\base.py", line 759, in save_base
    updated = self._save_table(raw, cls, force_insert, force_update, using, update_fields)
  File "C:\Users\37187\Anaconda3\lib\site-packages\django\db\models\base.py", line 842, in _save_table
    result = self._do_insert(cls._base_manager, using, fields, update_pk, raw)
  File "C:\Users\37187\Anaconda3\lib\site-packages\django\db\models\base.py", line 880, in _do_insert
    using=using, raw=raw)
  File "C:\Users\37187\Anaconda3\lib\site-packages\django\db\models\manager.py", line 82, in manager_method
    return getattr(self.get_queryset(), name)(*args, **kwargs)
  File "C:\Users\37187\Anaconda3\lib\site-packages\django\db\models\query.py", line 1125, in _insert
    return query.get_compiler(using=using).execute_sql(return_id)
  File "C:\Users\37187\Anaconda3\lib\site-packages\django\db\models\sql\compiler.py", line 1280, in execute_sql
    cursor.execute(sql, params)
  File "C:\Users\37187\Anaconda3\lib\site-packages\django\db\backends\utils.py", line 100, in execute
    return super().execute(sql, params)
  File "C:\Users\37187\Anaconda3\lib\site-packages\django\db\backends\utils.py", line 68, in execute
    return self._execute_with_wrappers(sql, params, many=False, executor=self._execute)
  File "C:\Users\37187\Anaconda3\lib\site-packages\django\db\backends\utils.py", line 77, in _execute_with_wrappers
    return executor(sql, params, many, context)
  File "C:\Users\37187\Anaconda3\lib\site-packages\django\db\backends\utils.py", line 85, in _execute
    return self.cursor.execute(sql, params)
  File "C:\Users\37187\Anaconda3\lib\site-packages\django\db\utils.py", line 89, in __exit__
    raise dj_exc_value.with_traceback(traceback) from exc_value
  File "C:\Users\37187\Anaconda3\lib\site-packages\django\db\backends\utils.py", line 85, in _execute
    return self.cursor.execute(sql, params)
  File "C:\Users\37187\Anaconda3\lib\site-packages\django\db\backends\sqlite3\base.py", line 303, in execute
    return Database.Cursor.execute(self, query, params)
django.db.utils.IntegrityError: NOT NULL constraint failed: score_management_application.course_id
2018-06-19 14:18:53,712 [Thread-1:9416] [django.server:124] [basehttp:log_message] [ERROR]- "POST /api/score/createapplication/ HTTP/1.1" 500 26364
2018-06-19 14:19:02,766 [Thread-3:13020] [django.request:118] [exception:handle_uncaught_exception] [ERROR]- Internal Server Error: /api/score/createapplication/
Traceback (most recent call last):
  File "C:\Users\37187\Anaconda3\lib\site-packages\django\db\models\query.py", line 487, in get_or_create
    return self.get(**lookup), False
  File "C:\Users\37187\Anaconda3\lib\site-packages\django\db\models\query.py", line 403, in get
    self.model._meta.object_name
score_management.models.DoesNotExist: Application matching query does not exist.

During handling of the above exception, another exception occurred:

Traceback (most recent call last):
  File "C:\Users\37187\Anaconda3\lib\site-packages\django\db\backends\utils.py", line 85, in _execute
    return self.cursor.execute(sql, params)
  File "C:\Users\37187\Anaconda3\lib\site-packages\django\db\backends\sqlite3\base.py", line 303, in execute
    return Database.Cursor.execute(self, query, params)
sqlite3.IntegrityError: NOT NULL constraint failed: score_management_application.course_id

The above exception was the direct cause of the following exception:

Traceback (most recent call last):
  File "C:\Users\37187\Anaconda3\lib\site-packages\django\core\handlers\exception.py", line 35, in inner
    response = get_response(request)
  File "C:\Users\37187\Anaconda3\lib\site-packages\django\core\handlers\base.py", line 128, in _get_response
    response = self.process_exception_by_middleware(e, request)
  File "C:\Users\37187\Anaconda3\lib\site-packages\django\core\handlers\base.py", line 126, in _get_response
    response = wrapped_callback(request, *callback_args, **callback_kwargs)
  File "C:\Users\37187\Anaconda3\lib\site-packages\django\views\decorators\csrf.py", line 54, in wrapped_view
    return view_func(*args, **kwargs)
  File "C:\Users\37187\Anaconda3\lib\site-packages\django\views\generic\base.py", line 69, in view
    return self.dispatch(request, *args, **kwargs)
  File "C:\Users\37187\Anaconda3\lib\site-packages\rest_framework\views.py", line 483, in dispatch
    response = self.handle_exception(exc)
  File "C:\Users\37187\Anaconda3\lib\site-packages\rest_framework\views.py", line 443, in handle_exception
    self.raise_uncaught_exception(exc)
  File "C:\Users\37187\Anaconda3\lib\site-packages\rest_framework\views.py", line 480, in dispatch
    response = handler(request, *args, **kwargs)
  File "C:\Users\37187\Anaconda3\lib\site-packages\rest_framework\decorators.py", line 53, in handler
    return func(*args, **kwargs)
  File "D:\课程\软件工程\TSS\SE-TSS\backend\score_management\views.py", line 90, in apply_create
    (application,is_created)=Application.objects.get_or_create(title=request.data["title"])
  File "C:\Users\37187\Anaconda3\lib\site-packages\django\db\models\manager.py", line 82, in manager_method
    return getattr(self.get_queryset(), name)(*args, **kwargs)
  File "C:\Users\37187\Anaconda3\lib\site-packages\django\db\models\query.py", line 489, in get_or_create
    return self._create_object_from_params(lookup, params)
  File "C:\Users\37187\Anaconda3\lib\site-packages\django\db\models\query.py", line 528, in _create_object_from_params
    raise e
  File "C:\Users\37187\Anaconda3\lib\site-packages\django\db\models\query.py", line 521, in _create_object_from_params
    obj = self.create(**params)
  File "C:\Users\37187\Anaconda3\lib\site-packages\django\db\models\query.py", line 417, in create
    obj.save(force_insert=True, using=self.db)
  File "C:\Users\37187\Anaconda3\lib\site-packages\django\db\models\base.py", line 729, in save
    force_update=force_update, update_fields=update_fields)
  File "C:\Users\37187\Anaconda3\lib\site-packages\django\db\models\base.py", line 759, in save_base
    updated = self._save_table(raw, cls, force_insert, force_update, using, update_fields)
  File "C:\Users\37187\Anaconda3\lib\site-packages\django\db\models\base.py", line 842, in _save_table
    result = self._do_insert(cls._base_manager, using, fields, update_pk, raw)
  File "C:\Users\37187\Anaconda3\lib\site-packages\django\db\models\base.py", line 880, in _do_insert
    using=using, raw=raw)
  File "C:\Users\37187\Anaconda3\lib\site-packages\django\db\models\manager.py", line 82, in manager_method
    return getattr(self.get_queryset(), name)(*args, **kwargs)
  File "C:\Users\37187\Anaconda3\lib\site-packages\django\db\models\query.py", line 1125, in _insert
    return query.get_compiler(using=using).execute_sql(return_id)
  File "C:\Users\37187\Anaconda3\lib\site-packages\django\db\models\sql\compiler.py", line 1280, in execute_sql
    cursor.execute(sql, params)
  File "C:\Users\37187\Anaconda3\lib\site-packages\django\db\backends\utils.py", line 100, in execute
    return super().execute(sql, params)
  File "C:\Users\37187\Anaconda3\lib\site-packages\django\db\backends\utils.py", line 68, in execute
    return self._execute_with_wrappers(sql, params, many=False, executor=self._execute)
  File "C:\Users\37187\Anaconda3\lib\site-packages\django\db\backends\utils.py", line 77, in _execute_with_wrappers
    return executor(sql, params, many, context)
  File "C:\Users\37187\Anaconda3\lib\site-packages\django\db\backends\utils.py", line 85, in _execute
    return self.cursor.execute(sql, params)
  File "C:\Users\37187\Anaconda3\lib\site-packages\django\db\utils.py", line 89, in __exit__
    raise dj_exc_value.with_traceback(traceback) from exc_value
  File "C:\Users\37187\Anaconda3\lib\site-packages\django\db\backends\utils.py", line 85, in _execute
    return self.cursor.execute(sql, params)
  File "C:\Users\37187\Anaconda3\lib\site-packages\django\db\backends\sqlite3\base.py", line 303, in execute
    return Database.Cursor.execute(self, query, params)
django.db.utils.IntegrityError: NOT NULL constraint failed: score_management_application.course_id
2018-06-19 14:19:02,807 [Thread-3:13020] [django.server:124] [basehttp:log_message] [ERROR]- "POST /api/score/createapplication/ HTTP/1.1" 500 26365
2018-06-19 14:19:04,364 [Thread-4:11152] [django.request:118] [exception:handle_uncaught_exception] [ERROR]- Internal Server Error: /api/score/createapplication/
Traceback (most recent call last):
  File "C:\Users\37187\Anaconda3\lib\site-packages\django\db\models\query.py", line 487, in get_or_create
    return self.get(**lookup), False
  File "C:\Users\37187\Anaconda3\lib\site-packages\django\db\models\query.py", line 403, in get
    self.model._meta.object_name
score_management.models.DoesNotExist: Application matching query does not exist.

During handling of the above exception, another exception occurred:

Traceback (most recent call last):
  File "C:\Users\37187\Anaconda3\lib\site-packages\django\db\backends\utils.py", line 85, in _execute
    return self.cursor.execute(sql, params)
  File "C:\Users\37187\Anaconda3\lib\site-packages\django\db\backends\sqlite3\base.py", line 303, in execute
    return Database.Cursor.execute(self, query, params)
sqlite3.IntegrityError: NOT NULL constraint failed: score_management_application.course_id

The above exception was the direct cause of the following exception:

Traceback (most recent call last):
  File "C:\Users\37187\Anaconda3\lib\site-packages\django\core\handlers\exception.py", line 35, in inner
    response = get_response(request)
  File "C:\Users\37187\Anaconda3\lib\site-packages\django\core\handlers\base.py", line 128, in _get_response
    response = self.process_exception_by_middleware(e, request)
  File "C:\Users\37187\Anaconda3\lib\site-packages\django\core\handlers\base.py", line 126, in _get_response
    response = wrapped_callback(request, *callback_args, **callback_kwargs)
  File "C:\Users\37187\Anaconda3\lib\site-packages\django\views\decorators\csrf.py", line 54, in wrapped_view
    return view_func(*args, **kwargs)
  File "C:\Users\37187\Anaconda3\lib\site-packages\django\views\generic\base.py", line 69, in view
    return self.dispatch(request, *args, **kwargs)
  File "C:\Users\37187\Anaconda3\lib\site-packages\rest_framework\views.py", line 483, in dispatch
    response = self.handle_exception(exc)
  File "C:\Users\37187\Anaconda3\lib\site-packages\rest_framework\views.py", line 443, in handle_exception
    self.raise_uncaught_exception(exc)
  File "C:\Users\37187\Anaconda3\lib\site-packages\rest_framework\views.py", line 480, in dispatch
    response = handler(request, *args, **kwargs)
  File "C:\Users\37187\Anaconda3\lib\site-packages\rest_framework\decorators.py", line 53, in handler
    return func(*args, **kwargs)
  File "D:\课程\软件工程\TSS\SE-TSS\backend\score_management\views.py", line 90, in apply_create
    (application,is_created)=Application.objects.get_or_create(title=request.data["title"])
  File "C:\Users\37187\Anaconda3\lib\site-packages\django\db\models\manager.py", line 82, in manager_method
    return getattr(self.get_queryset(), name)(*args, **kwargs)
  File "C:\Users\37187\Anaconda3\lib\site-packages\django\db\models\query.py", line 489, in get_or_create
    return self._create_object_from_params(lookup, params)
  File "C:\Users\37187\Anaconda3\lib\site-packages\django\db\models\query.py", line 528, in _create_object_from_params
    raise e
  File "C:\Users\37187\Anaconda3\lib\site-packages\django\db\models\query.py", line 521, in _create_object_from_params
    obj = self.create(**params)
  File "C:\Users\37187\Anaconda3\lib\site-packages\django\db\models\query.py", line 417, in create
    obj.save(force_insert=True, using=self.db)
  File "C:\Users\37187\Anaconda3\lib\site-packages\django\db\models\base.py", line 729, in save
    force_update=force_update, update_fields=update_fields)
  File "C:\Users\37187\Anaconda3\lib\site-packages\django\db\models\base.py", line 759, in save_base
    updated = self._save_table(raw, cls, force_insert, force_update, using, update_fields)
  File "C:\Users\37187\Anaconda3\lib\site-packages\django\db\models\base.py", line 842, in _save_table
    result = self._do_insert(cls._base_manager, using, fields, update_pk, raw)
  File "C:\Users\37187\Anaconda3\lib\site-packages\django\db\models\base.py", line 880, in _do_insert
    using=using, raw=raw)
  File "C:\Users\37187\Anaconda3\lib\site-packages\django\db\models\manager.py", line 82, in manager_method
    return getattr(self.get_queryset(), name)(*args, **kwargs)
  File "C:\Users\37187\Anaconda3\lib\site-packages\django\db\models\query.py", line 1125, in _insert
    return query.get_compiler(using=using).execute_sql(return_id)
  File "C:\Users\37187\Anaconda3\lib\site-packages\django\db\models\sql\compiler.py", line 1280, in execute_sql
    cursor.execute(sql, params)
  File "C:\Users\37187\Anaconda3\lib\site-packages\django\db\backends\utils.py", line 100, in execute
    return super().execute(sql, params)
  File "C:\Users\37187\Anaconda3\lib\site-packages\django\db\backends\utils.py", line 68, in execute
    return self._execute_with_wrappers(sql, params, many=False, executor=self._execute)
  File "C:\Users\37187\Anaconda3\lib\site-packages\django\db\backends\utils.py", line 77, in _execute_with_wrappers
    return executor(sql, params, many, context)
  File "C:\Users\37187\Anaconda3\lib\site-packages\django\db\backends\utils.py", line 85, in _execute
    return self.cursor.execute(sql, params)
  File "C:\Users\37187\Anaconda3\lib\site-packages\django\db\utils.py", line 89, in __exit__
    raise dj_exc_value.with_traceback(traceback) from exc_value
  File "C:\Users\37187\Anaconda3\lib\site-packages\django\db\backends\utils.py", line 85, in _execute
    return self.cursor.execute(sql, params)
  File "C:\Users\37187\Anaconda3\lib\site-packages\django\db\backends\sqlite3\base.py", line 303, in execute
    return Database.Cursor.execute(self, query, params)
django.db.utils.IntegrityError: NOT NULL constraint failed: score_management_application.course_id
2018-06-19 14:19:04,411 [Thread-4:11152] [django.server:124] [basehttp:log_message] [ERROR]- "POST /api/score/createapplication/ HTTP/1.1" 500 26365
2018-06-19 14:19:05,374 [Thread-5:1536] [django.request:118] [exception:handle_uncaught_exception] [ERROR]- Internal Server Error: /api/score/createapplication/
Traceback (most recent call last):
  File "C:\Users\37187\Anaconda3\lib\site-packages\django\db\models\query.py", line 487, in get_or_create
    return self.get(**lookup), False
  File "C:\Users\37187\Anaconda3\lib\site-packages\django\db\models\query.py", line 403, in get
    self.model._meta.object_name
score_management.models.DoesNotExist: Application matching query does not exist.

During handling of the above exception, another exception occurred:

Traceback (most recent call last):
  File "C:\Users\37187\Anaconda3\lib\site-packages\django\db\backends\utils.py", line 85, in _execute
    return self.cursor.execute(sql, params)
  File "C:\Users\37187\Anaconda3\lib\site-packages\django\db\backends\sqlite3\base.py", line 303, in execute
    return Database.Cursor.execute(self, query, params)
sqlite3.IntegrityError: NOT NULL constraint failed: score_management_application.course_id

The above exception was the direct cause of the following exception:

Traceback (most recent call last):
  File "C:\Users\37187\Anaconda3\lib\site-packages\django\core\handlers\exception.py", line 35, in inner
    response = get_response(request)
  File "C:\Users\37187\Anaconda3\lib\site-packages\django\core\handlers\base.py", line 128, in _get_response
    response = self.process_exception_by_middleware(e, request)
  File "C:\Users\37187\Anaconda3\lib\site-packages\django\core\handlers\base.py", line 126, in _get_response
    response = wrapped_callback(request, *callback_args, **callback_kwargs)
  File "C:\Users\37187\Anaconda3\lib\site-packages\django\views\decorators\csrf.py", line 54, in wrapped_view
    return view_func(*args, **kwargs)
  File "C:\Users\37187\Anaconda3\lib\site-packages\django\views\generic\base.py", line 69, in view
    return self.dispatch(request, *args, **kwargs)
  File "C:\Users\37187\Anaconda3\lib\site-packages\rest_framework\views.py", line 483, in dispatch
    response = self.handle_exception(exc)
  File "C:\Users\37187\Anaconda3\lib\site-packages\rest_framework\views.py", line 443, in handle_exception
    self.raise_uncaught_exception(exc)
  File "C:\Users\37187\Anaconda3\lib\site-packages\rest_framework\views.py", line 480, in dispatch
    response = handler(request, *args, **kwargs)
  File "C:\Users\37187\Anaconda3\lib\site-packages\rest_framework\decorators.py", line 53, in handler
    return func(*args, **kwargs)
  File "D:\课程\软件工程\TSS\SE-TSS\backend\score_management\views.py", line 90, in apply_create
    (application,is_created)=Application.objects.get_or_create(title=request.data["title"])
  File "C:\Users\37187\Anaconda3\lib\site-packages\django\db\models\manager.py", line 82, in manager_method
    return getattr(self.get_queryset(), name)(*args, **kwargs)
  File "C:\Users\37187\Anaconda3\lib\site-packages\django\db\models\query.py", line 489, in get_or_create
    return self._create_object_from_params(lookup, params)
  File "C:\Users\37187\Anaconda3\lib\site-packages\django\db\models\query.py", line 528, in _create_object_from_params
    raise e
  File "C:\Users\37187\Anaconda3\lib\site-packages\django\db\models\query.py", line 521, in _create_object_from_params
    obj = self.create(**params)
  File "C:\Users\37187\Anaconda3\lib\site-packages\django\db\models\query.py", line 417, in create
    obj.save(force_insert=True, using=self.db)
  File "C:\Users\37187\Anaconda3\lib\site-packages\django\db\models\base.py", line 729, in save
    force_update=force_update, update_fields=update_fields)
  File "C:\Users\37187\Anaconda3\lib\site-packages\django\db\models\base.py", line 759, in save_base
    updated = self._save_table(raw, cls, force_insert, force_update, using, update_fields)
  File "C:\Users\37187\Anaconda3\lib\site-packages\django\db\models\base.py", line 842, in _save_table
    result = self._do_insert(cls._base_manager, using, fields, update_pk, raw)
  File "C:\Users\37187\Anaconda3\lib\site-packages\django\db\models\base.py", line 880, in _do_insert
    using=using, raw=raw)
  File "C:\Users\37187\Anaconda3\lib\site-packages\django\db\models\manager.py", line 82, in manager_method
    return getattr(self.get_queryset(), name)(*args, **kwargs)
  File "C:\Users\37187\Anaconda3\lib\site-packages\django\db\models\query.py", line 1125, in _insert
    return query.get_compiler(using=using).execute_sql(return_id)
  File "C:\Users\37187\Anaconda3\lib\site-packages\django\db\models\sql\compiler.py", line 1280, in execute_sql
    cursor.execute(sql, params)
  File "C:\Users\37187\Anaconda3\lib\site-packages\django\db\backends\utils.py", line 100, in execute
    return super().execute(sql, params)
  File "C:\Users\37187\Anaconda3\lib\site-packages\django\db\backends\utils.py", line 68, in execute
    return self._execute_with_wrappers(sql, params, many=False, executor=self._execute)
  File "C:\Users\37187\Anaconda3\lib\site-packages\django\db\backends\utils.py", line 77, in _execute_with_wrappers
    return executor(sql, params, many, context)
  File "C:\Users\37187\Anaconda3\lib\site-packages\django\db\backends\utils.py", line 85, in _execute
    return self.cursor.execute(sql, params)
  File "C:\Users\37187\Anaconda3\lib\site-packages\django\db\utils.py", line 89, in __exit__
    raise dj_exc_value.with_traceback(traceback) from exc_value
  File "C:\Users\37187\Anaconda3\lib\site-packages\django\db\backends\utils.py", line 85, in _execute
    return self.cursor.execute(sql, params)
  File "C:\Users\37187\Anaconda3\lib\site-packages\django\db\backends\sqlite3\base.py", line 303, in execute
    return Database.Cursor.execute(self, query, params)
django.db.utils.IntegrityError: NOT NULL constraint failed: score_management_application.course_id
2018-06-19 14:19:05,416 [Thread-5:1536] [django.server:124] [basehttp:log_message] [ERROR]- "POST /api/score/createapplication/ HTTP/1.1" 500 26365
2018-06-19 14:19:13,216 [Thread-6:11348] [django.request:118] [exception:handle_uncaught_exception] [ERROR]- Internal Server Error: /api/score/createapplication/
Traceback (most recent call last):
  File "C:\Users\37187\Anaconda3\lib\site-packages\django\db\models\query.py", line 487, in get_or_create
    return self.get(**lookup), False
  File "C:\Users\37187\Anaconda3\lib\site-packages\django\db\models\query.py", line 403, in get
    self.model._meta.object_name
score_management.models.DoesNotExist: Application matching query does not exist.

During handling of the above exception, another exception occurred:

Traceback (most recent call last):
  File "C:\Users\37187\Anaconda3\lib\site-packages\django\db\backends\utils.py", line 85, in _execute
    return self.cursor.execute(sql, params)
  File "C:\Users\37187\Anaconda3\lib\site-packages\django\db\backends\sqlite3\base.py", line 303, in execute
    return Database.Cursor.execute(self, query, params)
sqlite3.IntegrityError: NOT NULL constraint failed: score_management_application.course_id

The above exception was the direct cause of the following exception:

Traceback (most recent call last):
  File "C:\Users\37187\Anaconda3\lib\site-packages\django\core\handlers\exception.py", line 35, in inner
    response = get_response(request)
  File "C:\Users\37187\Anaconda3\lib\site-packages\django\core\handlers\base.py", line 128, in _get_response
    response = self.process_exception_by_middleware(e, request)
  File "C:\Users\37187\Anaconda3\lib\site-packages\django\core\handlers\base.py", line 126, in _get_response
    response = wrapped_callback(request, *callback_args, **callback_kwargs)
  File "C:\Users\37187\Anaconda3\lib\site-packages\django\views\decorators\csrf.py", line 54, in wrapped_view
    return view_func(*args, **kwargs)
  File "C:\Users\37187\Anaconda3\lib\site-packages\django\views\generic\base.py", line 69, in view
    return self.dispatch(request, *args, **kwargs)
  File "C:\Users\37187\Anaconda3\lib\site-packages\rest_framework\views.py", line 483, in dispatch
    response = self.handle_exception(exc)
  File "C:\Users\37187\Anaconda3\lib\site-packages\rest_framework\views.py", line 443, in handle_exception
    self.raise_uncaught_exception(exc)
  File "C:\Users\37187\Anaconda3\lib\site-packages\rest_framework\views.py", line 480, in dispatch
    response = handler(request, *args, **kwargs)
  File "C:\Users\37187\Anaconda3\lib\site-packages\rest_framework\decorators.py", line 53, in handler
    return func(*args, **kwargs)
  File "D:\课程\软件工程\TSS\SE-TSS\backend\score_management\views.py", line 90, in apply_create
    (application,is_created)=Application.objects.get_or_create(title=request.data["title"])
  File "C:\Users\37187\Anaconda3\lib\site-packages\django\db\models\manager.py", line 82, in manager_method
    return getattr(self.get_queryset(), name)(*args, **kwargs)
  File "C:\Users\37187\Anaconda3\lib\site-packages\django\db\models\query.py", line 489, in get_or_create
    return self._create_object_from_params(lookup, params)
  File "C:\Users\37187\Anaconda3\lib\site-packages\django\db\models\query.py", line 528, in _create_object_from_params
    raise e
  File "C:\Users\37187\Anaconda3\lib\site-packages\django\db\models\query.py", line 521, in _create_object_from_params
    obj = self.create(**params)
  File "C:\Users\37187\Anaconda3\lib\site-packages\django\db\models\query.py", line 417, in create
    obj.save(force_insert=True, using=self.db)
  File "C:\Users\37187\Anaconda3\lib\site-packages\django\db\models\base.py", line 729, in save
    force_update=force_update, update_fields=update_fields)
  File "C:\Users\37187\Anaconda3\lib\site-packages\django\db\models\base.py", line 759, in save_base
    updated = self._save_table(raw, cls, force_insert, force_update, using, update_fields)
  File "C:\Users\37187\Anaconda3\lib\site-packages\django\db\models\base.py", line 842, in _save_table
    result = self._do_insert(cls._base_manager, using, fields, update_pk, raw)
  File "C:\Users\37187\Anaconda3\lib\site-packages\django\db\models\base.py", line 880, in _do_insert
    using=using, raw=raw)
  File "C:\Users\37187\Anaconda3\lib\site-packages\django\db\models\manager.py", line 82, in manager_method
    return getattr(self.get_queryset(), name)(*args, **kwargs)
  File "C:\Users\37187\Anaconda3\lib\site-packages\django\db\models\query.py", line 1125, in _insert
    return query.get_compiler(using=using).execute_sql(return_id)
  File "C:\Users\37187\Anaconda3\lib\site-packages\django\db\models\sql\compiler.py", line 1280, in execute_sql
    cursor.execute(sql, params)
  File "C:\Users\37187\Anaconda3\lib\site-packages\django\db\backends\utils.py", line 100, in execute
    return super().execute(sql, params)
  File "C:\Users\37187\Anaconda3\lib\site-packages\django\db\backends\utils.py", line 68, in execute
    return self._execute_with_wrappers(sql, params, many=False, executor=self._execute)
  File "C:\Users\37187\Anaconda3\lib\site-packages\django\db\backends\utils.py", line 77, in _execute_with_wrappers
    return executor(sql, params, many, context)
  File "C:\Users\37187\Anaconda3\lib\site-packages\django\db\backends\utils.py", line 85, in _execute
    return self.cursor.execute(sql, params)
  File "C:\Users\37187\Anaconda3\lib\site-packages\django\db\utils.py", line 89, in __exit__
    raise dj_exc_value.with_traceback(traceback) from exc_value
  File "C:\Users\37187\Anaconda3\lib\site-packages\django\db\backends\utils.py", line 85, in _execute
    return self.cursor.execute(sql, params)
  File "C:\Users\37187\Anaconda3\lib\site-packages\django\db\backends\sqlite3\base.py", line 303, in execute
    return Database.Cursor.execute(self, query, params)
django.db.utils.IntegrityError: NOT NULL constraint failed: score_management_application.course_id
2018-06-19 14:19:13,263 [Thread-6:11348] [django.server:124] [basehttp:log_message] [ERROR]- "POST /api/score/createapplication/ HTTP/1.1" 500 26365
2018-06-19 14:22:13,249 [Thread-1:10936] [django.request:118] [exception:handle_uncaught_exception] [ERROR]- Internal Server Error: /api/score/createapplication/
Traceback (most recent call last):
  File "C:\Users\37187\Anaconda3\lib\site-packages\django\core\handlers\exception.py", line 35, in inner
    response = get_response(request)
  File "C:\Users\37187\Anaconda3\lib\site-packages\django\core\handlers\base.py", line 128, in _get_response
    response = self.process_exception_by_middleware(e, request)
  File "C:\Users\37187\Anaconda3\lib\site-packages\django\core\handlers\base.py", line 126, in _get_response
    response = wrapped_callback(request, *callback_args, **callback_kwargs)
  File "C:\Users\37187\Anaconda3\lib\site-packages\django\views\decorators\csrf.py", line 54, in wrapped_view
    return view_func(*args, **kwargs)
  File "C:\Users\37187\Anaconda3\lib\site-packages\django\views\generic\base.py", line 69, in view
    return self.dispatch(request, *args, **kwargs)
  File "C:\Users\37187\Anaconda3\lib\site-packages\rest_framework\views.py", line 483, in dispatch
    response = self.handle_exception(exc)
  File "C:\Users\37187\Anaconda3\lib\site-packages\rest_framework\views.py", line 443, in handle_exception
    self.raise_uncaught_exception(exc)
  File "C:\Users\37187\Anaconda3\lib\site-packages\rest_framework\views.py", line 480, in dispatch
    response = handler(request, *args, **kwargs)
  File "C:\Users\37187\Anaconda3\lib\site-packages\rest_framework\decorators.py", line 53, in handler
    return func(*args, **kwargs)
  File "D:\课程\软件工程\TSS\SE-TSS\backend\score_management\views.py", line 90, in apply_create
    application=Application.objects.get(title=request.data["title"])
  File "C:\Users\37187\Anaconda3\lib\site-packages\django\db\models\manager.py", line 82, in manager_method
    return getattr(self.get_queryset(), name)(*args, **kwargs)
  File "C:\Users\37187\Anaconda3\lib\site-packages\django\db\models\query.py", line 403, in get
    self.model._meta.object_name
score_management.models.DoesNotExist: Application matching query does not exist.
2018-06-19 14:22:13,282 [Thread-1:10936] [django.server:124] [basehttp:log_message] [ERROR]- "POST /api/score/createapplication/ HTTP/1.1" 500 22644
2018-06-19 14:24:24,284 [Thread-1:12496] [django.request:118] [exception:handle_uncaught_exception] [ERROR]- Internal Server Error: /api/score/createapplication/
Traceback (most recent call last):
  File "C:\Users\37187\Anaconda3\lib\site-packages\django\core\handlers\exception.py", line 35, in inner
    response = get_response(request)
  File "C:\Users\37187\Anaconda3\lib\site-packages\django\core\handlers\base.py", line 128, in _get_response
    response = self.process_exception_by_middleware(e, request)
  File "C:\Users\37187\Anaconda3\lib\site-packages\django\core\handlers\base.py", line 126, in _get_response
    response = wrapped_callback(request, *callback_args, **callback_kwargs)
  File "C:\Users\37187\Anaconda3\lib\site-packages\django\views\decorators\csrf.py", line 54, in wrapped_view
    return view_func(*args, **kwargs)
  File "C:\Users\37187\Anaconda3\lib\site-packages\django\views\generic\base.py", line 69, in view
    return self.dispatch(request, *args, **kwargs)
  File "C:\Users\37187\Anaconda3\lib\site-packages\rest_framework\views.py", line 483, in dispatch
    response = self.handle_exception(exc)
  File "C:\Users\37187\Anaconda3\lib\site-packages\rest_framework\views.py", line 443, in handle_exception
    self.raise_uncaught_exception(exc)
  File "C:\Users\37187\Anaconda3\lib\site-packages\rest_framework\views.py", line 480, in dispatch
    response = handler(request, *args, **kwargs)
  File "C:\Users\37187\Anaconda3\lib\site-packages\rest_framework\decorators.py", line 53, in handler
    return func(*args, **kwargs)
  File "D:\课程\软件工程\TSS\SE-TSS\backend\score_management\views.py", line 96, in apply_create
    apply_des=request.data["apply_des"])
KeyError: 'apply_des'
2018-06-19 14:24:24,315 [Thread-1:12496] [django.server:124] [basehttp:log_message] [ERROR]- "POST /api/score/createapplication/ HTTP/1.1" 500 22275
2018-06-19 14:24:25,425 [Thread-3:12192] [django.request:118] [exception:handle_uncaught_exception] [ERROR]- Internal Server Error: /api/score/createapplication/
Traceback (most recent call last):
  File "C:\Users\37187\Anaconda3\lib\site-packages\django\core\handlers\exception.py", line 35, in inner
    response = get_response(request)
  File "C:\Users\37187\Anaconda3\lib\site-packages\django\core\handlers\base.py", line 128, in _get_response
    response = self.process_exception_by_middleware(e, request)
  File "C:\Users\37187\Anaconda3\lib\site-packages\django\core\handlers\base.py", line 126, in _get_response
    response = wrapped_callback(request, *callback_args, **callback_kwargs)
  File "C:\Users\37187\Anaconda3\lib\site-packages\django\views\decorators\csrf.py", line 54, in wrapped_view
    return view_func(*args, **kwargs)
  File "C:\Users\37187\Anaconda3\lib\site-packages\django\views\generic\base.py", line 69, in view
    return self.dispatch(request, *args, **kwargs)
  File "C:\Users\37187\Anaconda3\lib\site-packages\rest_framework\views.py", line 483, in dispatch
    response = self.handle_exception(exc)
  File "C:\Users\37187\Anaconda3\lib\site-packages\rest_framework\views.py", line 443, in handle_exception
    self.raise_uncaught_exception(exc)
  File "C:\Users\37187\Anaconda3\lib\site-packages\rest_framework\views.py", line 480, in dispatch
    response = handler(request, *args, **kwargs)
  File "C:\Users\37187\Anaconda3\lib\site-packages\rest_framework\decorators.py", line 53, in handler
    return func(*args, **kwargs)
  File "D:\课程\软件工程\TSS\SE-TSS\backend\score_management\views.py", line 96, in apply_create
    apply_des=request.data["apply_des"])
KeyError: 'apply_des'
2018-06-19 14:24:25,450 [Thread-3:12192] [django.server:124] [basehttp:log_message] [ERROR]- "POST /api/score/createapplication/ HTTP/1.1" 500 22275
2018-06-19 14:25:04,045 [Thread-4:10868] [django.server:124] [basehttp:log_message] [INFO]- "POST /api/score/createapplication/ HTTP/1.1" 201 7
2018-06-19 14:25:08,026 [Thread-5:12808] [django.server:124] [basehttp:log_message] [INFO]- "POST /api/score/createapplication/ HTTP/1.1" 200 5
2018-06-19 14:25:34,115 [Thread-6:8804] [django.request:118] [exception:handle_uncaught_exception] [ERROR]- Internal Server Error: /api/score/applyliststaff/
Traceback (most recent call last):
  File "C:\Users\37187\Anaconda3\lib\site-packages\django\core\handlers\exception.py", line 35, in inner
    response = get_response(request)
  File "C:\Users\37187\Anaconda3\lib\site-packages\django\core\handlers\base.py", line 128, in _get_response
    response = self.process_exception_by_middleware(e, request)
  File "C:\Users\37187\Anaconda3\lib\site-packages\django\core\handlers\base.py", line 126, in _get_response
    response = wrapped_callback(request, *callback_args, **callback_kwargs)
  File "C:\Users\37187\Anaconda3\lib\site-packages\django\views\decorators\csrf.py", line 54, in wrapped_view
    return view_func(*args, **kwargs)
  File "C:\Users\37187\Anaconda3\lib\site-packages\django\views\generic\base.py", line 69, in view
    return self.dispatch(request, *args, **kwargs)
  File "C:\Users\37187\Anaconda3\lib\site-packages\rest_framework\views.py", line 485, in dispatch
    self.response = self.finalize_response(request, response, *args, **kwargs)
  File "C:\Users\37187\Anaconda3\lib\site-packages\rest_framework\views.py", line 400, in finalize_response
    % type(response)
AssertionError: Expected a `Response`, `HttpResponse` or `HttpStreamingResponse` to be returned from the view, but received a `<class 'NoneType'>`
2018-06-19 14:25:34,178 [Thread-6:8804] [django.server:124] [basehttp:log_message] [ERROR]- "POST /api/score/applyliststaff/ HTTP/1.1" 500 90759
2018-06-19 14:26:24,802 [Thread-7:6000] [django.request:118] [exception:handle_uncaught_exception] [ERROR]- Internal Server Error: /api/score/applyliststaff/
Traceback (most recent call last):
  File "C:\Users\37187\Anaconda3\lib\site-packages\django\core\handlers\exception.py", line 35, in inner
    response = get_response(request)
  File "C:\Users\37187\Anaconda3\lib\site-packages\django\core\handlers\base.py", line 128, in _get_response
    response = self.process_exception_by_middleware(e, request)
  File "C:\Users\37187\Anaconda3\lib\site-packages\django\core\handlers\base.py", line 126, in _get_response
    response = wrapped_callback(request, *callback_args, **callback_kwargs)
  File "C:\Users\37187\Anaconda3\lib\site-packages\django\views\decorators\csrf.py", line 54, in wrapped_view
    return view_func(*args, **kwargs)
  File "C:\Users\37187\Anaconda3\lib\site-packages\django\views\generic\base.py", line 69, in view
    return self.dispatch(request, *args, **kwargs)
  File "C:\Users\37187\Anaconda3\lib\site-packages\rest_framework\views.py", line 485, in dispatch
    self.response = self.finalize_response(request, response, *args, **kwargs)
  File "C:\Users\37187\Anaconda3\lib\site-packages\rest_framework\views.py", line 400, in finalize_response
    % type(response)
AssertionError: Expected a `Response`, `HttpResponse` or `HttpStreamingResponse` to be returned from the view, but received a `<class 'NoneType'>`
2018-06-19 14:26:24,866 [Thread-7:6000] [django.server:124] [basehttp:log_message] [ERROR]- "POST /api/score/applyliststaff/ HTTP/1.1" 500 90759
2018-06-19 14:26:30,869 [Thread-1:8968] [django.request:118] [exception:handle_uncaught_exception] [ERROR]- Internal Server Error: /api/score/applyliststaff/
Traceback (most recent call last):
  File "C:\Users\37187\Anaconda3\lib\site-packages\django\core\handlers\exception.py", line 35, in inner
    response = get_response(request)
  File "C:\Users\37187\Anaconda3\lib\site-packages\django\core\handlers\base.py", line 128, in _get_response
    response = self.process_exception_by_middleware(e, request)
  File "C:\Users\37187\Anaconda3\lib\site-packages\django\core\handlers\base.py", line 126, in _get_response
    response = wrapped_callback(request, *callback_args, **callback_kwargs)
  File "C:\Users\37187\Anaconda3\lib\site-packages\django\views\decorators\csrf.py", line 54, in wrapped_view
    return view_func(*args, **kwargs)
  File "C:\Users\37187\Anaconda3\lib\site-packages\django\views\generic\base.py", line 69, in view
    return self.dispatch(request, *args, **kwargs)
  File "C:\Users\37187\Anaconda3\lib\site-packages\rest_framework\views.py", line 485, in dispatch
    self.response = self.finalize_response(request, response, *args, **kwargs)
  File "C:\Users\37187\Anaconda3\lib\site-packages\rest_framework\views.py", line 400, in finalize_response
    % type(response)
AssertionError: Expected a `Response`, `HttpResponse` or `HttpStreamingResponse` to be returned from the view, but received a `<class 'NoneType'>`
2018-06-19 14:26:30,973 [Thread-1:8968] [django.server:124] [basehttp:log_message] [ERROR]- "POST /api/score/applyliststaff/ HTTP/1.1" 500 90758
2018-06-19 14:26:43,447 [Thread-3:7244] [django.request:118] [exception:handle_uncaught_exception] [ERROR]- Internal Server Error: /api/score/applyliststaff/
Traceback (most recent call last):
  File "C:\Users\37187\Anaconda3\lib\site-packages\django\core\handlers\exception.py", line 35, in inner
    response = get_response(request)
  File "C:\Users\37187\Anaconda3\lib\site-packages\django\core\handlers\base.py", line 128, in _get_response
    response = self.process_exception_by_middleware(e, request)
  File "C:\Users\37187\Anaconda3\lib\site-packages\django\core\handlers\base.py", line 126, in _get_response
    response = wrapped_callback(request, *callback_args, **callback_kwargs)
  File "C:\Users\37187\Anaconda3\lib\site-packages\django\views\decorators\csrf.py", line 54, in wrapped_view
    return view_func(*args, **kwargs)
  File "C:\Users\37187\Anaconda3\lib\site-packages\django\views\generic\base.py", line 69, in view
    return self.dispatch(request, *args, **kwargs)
  File "C:\Users\37187\Anaconda3\lib\site-packages\rest_framework\views.py", line 485, in dispatch
    self.response = self.finalize_response(request, response, *args, **kwargs)
  File "C:\Users\37187\Anaconda3\lib\site-packages\rest_framework\views.py", line 400, in finalize_response
    % type(response)
AssertionError: Expected a `Response`, `HttpResponse` or `HttpStreamingResponse` to be returned from the view, but received a `<class 'NoneType'>`
2018-06-19 14:26:43,517 [Thread-3:7244] [django.server:124] [basehttp:log_message] [ERROR]- "POST /api/score/applyliststaff/ HTTP/1.1" 500 90759
2018-06-19 14:26:50,670 [Thread-1:11536] [django.request:118] [exception:handle_uncaught_exception] [ERROR]- Internal Server Error: /api/score/applyliststaff/
Traceback (most recent call last):
  File "C:\Users\37187\Anaconda3\lib\site-packages\django\core\handlers\exception.py", line 35, in inner
    response = get_response(request)
  File "C:\Users\37187\Anaconda3\lib\site-packages\django\core\handlers\base.py", line 128, in _get_response
    response = self.process_exception_by_middleware(e, request)
  File "C:\Users\37187\Anaconda3\lib\site-packages\django\core\handlers\base.py", line 126, in _get_response
    response = wrapped_callback(request, *callback_args, **callback_kwargs)
  File "C:\Users\37187\Anaconda3\lib\site-packages\django\views\decorators\csrf.py", line 54, in wrapped_view
    return view_func(*args, **kwargs)
  File "C:\Users\37187\Anaconda3\lib\site-packages\django\views\generic\base.py", line 69, in view
    return self.dispatch(request, *args, **kwargs)
  File "C:\Users\37187\Anaconda3\lib\site-packages\rest_framework\views.py", line 485, in dispatch
    self.response = self.finalize_response(request, response, *args, **kwargs)
  File "C:\Users\37187\Anaconda3\lib\site-packages\rest_framework\views.py", line 400, in finalize_response
    % type(response)
AssertionError: Expected a `Response`, `HttpResponse` or `HttpStreamingResponse` to be returned from the view, but received a `<class 'NoneType'>`
2018-06-19 14:26:50,813 [Thread-1:11536] [django.server:124] [basehttp:log_message] [ERROR]- "POST /api/score/applyliststaff/ HTTP/1.1" 500 90759
2018-06-19 14:27:39,681 [Thread-1:13344] [django.request:118] [exception:handle_uncaught_exception] [ERROR]- Internal Server Error: /api/score/applyliststaff/
Traceback (most recent call last):
  File "C:\Users\37187\Anaconda3\lib\site-packages\django\core\handlers\exception.py", line 35, in inner
    response = get_response(request)
  File "C:\Users\37187\Anaconda3\lib\site-packages\django\core\handlers\base.py", line 128, in _get_response
    response = self.process_exception_by_middleware(e, request)
  File "C:\Users\37187\Anaconda3\lib\site-packages\django\core\handlers\base.py", line 126, in _get_response
    response = wrapped_callback(request, *callback_args, **callback_kwargs)
  File "C:\Users\37187\Anaconda3\lib\site-packages\django\views\decorators\csrf.py", line 54, in wrapped_view
    return view_func(*args, **kwargs)
  File "C:\Users\37187\Anaconda3\lib\site-packages\django\views\generic\base.py", line 69, in view
    return self.dispatch(request, *args, **kwargs)
  File "C:\Users\37187\Anaconda3\lib\site-packages\rest_framework\views.py", line 485, in dispatch
    self.response = self.finalize_response(request, response, *args, **kwargs)
  File "C:\Users\37187\Anaconda3\lib\site-packages\rest_framework\views.py", line 400, in finalize_response
    % type(response)
AssertionError: Expected a `Response`, `HttpResponse` or `HttpStreamingResponse` to be returned from the view, but received a `<class 'NoneType'>`
2018-06-19 14:27:39,753 [Thread-1:13344] [django.server:124] [basehttp:log_message] [ERROR]- "POST /api/score/applyliststaff/ HTTP/1.1" 500 90759
2018-06-19 14:28:32,002 [Thread-3:8992] [django.request:118] [exception:handle_uncaught_exception] [ERROR]- Internal Server Error: /api/score/applyliststaff/
Traceback (most recent call last):
  File "C:\Users\37187\Anaconda3\lib\site-packages\django\core\handlers\exception.py", line 35, in inner
    response = get_response(request)
  File "C:\Users\37187\Anaconda3\lib\site-packages\django\core\handlers\base.py", line 128, in _get_response
    response = self.process_exception_by_middleware(e, request)
  File "C:\Users\37187\Anaconda3\lib\site-packages\django\core\handlers\base.py", line 126, in _get_response
    response = wrapped_callback(request, *callback_args, **callback_kwargs)
  File "C:\Users\37187\Anaconda3\lib\site-packages\django\views\decorators\csrf.py", line 54, in wrapped_view
    return view_func(*args, **kwargs)
  File "C:\Users\37187\Anaconda3\lib\site-packages\django\views\generic\base.py", line 69, in view
    return self.dispatch(request, *args, **kwargs)
  File "C:\Users\37187\Anaconda3\lib\site-packages\rest_framework\views.py", line 485, in dispatch
    self.response = self.finalize_response(request, response, *args, **kwargs)
  File "C:\Users\37187\Anaconda3\lib\site-packages\rest_framework\views.py", line 400, in finalize_response
    % type(response)
AssertionError: Expected a `Response`, `HttpResponse` or `HttpStreamingResponse` to be returned from the view, but received a `<class 'NoneType'>`
2018-06-19 14:28:32,092 [Thread-3:8992] [django.server:124] [basehttp:log_message] [ERROR]- "POST /api/score/applyliststaff/ HTTP/1.1" 500 90759
2018-06-19 14:28:37,418 [Thread-1:3788] [django.request:118] [exception:handle_uncaught_exception] [ERROR]- Internal Server Error: /api/score/applyliststaff/
Traceback (most recent call last):
  File "C:\Users\37187\Anaconda3\lib\site-packages\django\core\handlers\exception.py", line 35, in inner
    response = get_response(request)
  File "C:\Users\37187\Anaconda3\lib\site-packages\django\core\handlers\base.py", line 128, in _get_response
    response = self.process_exception_by_middleware(e, request)
  File "C:\Users\37187\Anaconda3\lib\site-packages\django\core\handlers\base.py", line 126, in _get_response
    response = wrapped_callback(request, *callback_args, **callback_kwargs)
  File "C:\Users\37187\Anaconda3\lib\site-packages\django\views\decorators\csrf.py", line 54, in wrapped_view
    return view_func(*args, **kwargs)
  File "C:\Users\37187\Anaconda3\lib\site-packages\django\views\generic\base.py", line 69, in view
    return self.dispatch(request, *args, **kwargs)
  File "C:\Users\37187\Anaconda3\lib\site-packages\rest_framework\views.py", line 485, in dispatch
    self.response = self.finalize_response(request, response, *args, **kwargs)
  File "C:\Users\37187\Anaconda3\lib\site-packages\rest_framework\views.py", line 400, in finalize_response
    % type(response)
AssertionError: Expected a `Response`, `HttpResponse` or `HttpStreamingResponse` to be returned from the view, but received a `<class 'NoneType'>`
2018-06-19 14:28:37,484 [Thread-1:3788] [django.server:124] [basehttp:log_message] [ERROR]- "POST /api/score/applyliststaff/ HTTP/1.1" 500 90759
2018-06-19 14:30:16,266 [Thread-1:8336] [django.server:124] [basehttp:log_message] [INFO]- "POST /api/score/applyliststaff/ HTTP/1.1" 200 54
2018-06-19 14:30:25,248 [Thread-3:11276] [django.server:124] [basehttp:log_message] [INFO]- "POST /api/score/applyliststaff/ HTTP/1.1" 200 54
2018-06-19 14:30:32,523 [Thread-1:5208] [django.request:118] [exception:handle_uncaught_exception] [ERROR]- Internal Server Error: /api/score/applyliststaff/
Traceback (most recent call last):
  File "C:\Users\37187\Anaconda3\lib\site-packages\django\core\handlers\exception.py", line 35, in inner
    response = get_response(request)
  File "C:\Users\37187\Anaconda3\lib\site-packages\django\core\handlers\base.py", line 128, in _get_response
    response = self.process_exception_by_middleware(e, request)
  File "C:\Users\37187\Anaconda3\lib\site-packages\django\core\handlers\base.py", line 126, in _get_response
    response = wrapped_callback(request, *callback_args, **callback_kwargs)
  File "C:\Users\37187\Anaconda3\lib\site-packages\django\views\decorators\csrf.py", line 54, in wrapped_view
    return view_func(*args, **kwargs)
  File "C:\Users\37187\Anaconda3\lib\site-packages\django\views\generic\base.py", line 69, in view
    return self.dispatch(request, *args, **kwargs)
  File "C:\Users\37187\Anaconda3\lib\site-packages\rest_framework\views.py", line 483, in dispatch
    response = self.handle_exception(exc)
  File "C:\Users\37187\Anaconda3\lib\site-packages\rest_framework\views.py", line 443, in handle_exception
    self.raise_uncaught_exception(exc)
  File "C:\Users\37187\Anaconda3\lib\site-packages\rest_framework\views.py", line 480, in dispatch
    response = handler(request, *args, **kwargs)
  File "C:\Users\37187\Anaconda3\lib\site-packages\rest_framework\decorators.py", line 53, in handler
    return func(*args, **kwargs)
  File "D:\课程\软件工程\TSS\SE-TSS\backend\score_management\views.py", line 106, in apply_list_staff
    return Response(serializer.data)
  File "C:\Users\37187\Anaconda3\lib\site-packages\rest_framework\serializers.py", line 765, in data
    ret = super(ListSerializer, self).data
  File "C:\Users\37187\Anaconda3\lib\site-packages\rest_framework\serializers.py", line 262, in data
    self._data = self.to_representation(self.instance)
  File "C:\Users\37187\Anaconda3\lib\site-packages\rest_framework\serializers.py", line 683, in to_representation
    self.child.to_representation(item) for item in iterable
  File "C:\Users\37187\Anaconda3\lib\site-packages\rest_framework\serializers.py", line 683, in <listcomp>
    self.child.to_representation(item) for item in iterable
  File "C:\Users\37187\Anaconda3\lib\site-packages\rest_framework\serializers.py", line 510, in to_representation
    fields = self._readable_fields
  File "C:\Users\37187\Anaconda3\lib\site-packages\django\utils\functional.py", line 36, in __get__
    res = instance.__dict__[self.name] = self.func(instance)
  File "C:\Users\37187\Anaconda3\lib\site-packages\rest_framework\serializers.py", line 376, in _readable_fields
    field for field in self.fields.values()
  File "C:\Users\37187\Anaconda3\lib\site-packages\rest_framework\serializers.py", line 363, in fields
    for key, value in self.get_fields().items():
  File "C:\Users\37187\Anaconda3\lib\site-packages\rest_framework\serializers.py", line 1020, in get_fields
    field_names = self.get_field_names(declared_fields, info)
  File "C:\Users\37187\Anaconda3\lib\site-packages\rest_framework\serializers.py", line 1121, in get_field_names
    serializer_class=self.__class__.__name__
AssertionError: The field 'student_name' was declared on serializer ApplicationSerializer, but has not been included in the 'fields' option.
2018-06-19 14:30:32,571 [Thread-1:5208] [django.server:124] [basehttp:log_message] [ERROR]- "POST /api/score/applyliststaff/ HTTP/1.1" 500 24077
2018-06-19 14:30:45,442 [Thread-3:9608] [django.request:118] [exception:handle_uncaught_exception] [ERROR]- Internal Server Error: /api/score/applyliststaff/
Traceback (most recent call last):
  File "C:\Users\37187\Anaconda3\lib\site-packages\django\core\handlers\exception.py", line 35, in inner
    response = get_response(request)
  File "C:\Users\37187\Anaconda3\lib\site-packages\django\core\handlers\base.py", line 128, in _get_response
    response = self.process_exception_by_middleware(e, request)
  File "C:\Users\37187\Anaconda3\lib\site-packages\django\core\handlers\base.py", line 126, in _get_response
    response = wrapped_callback(request, *callback_args, **callback_kwargs)
  File "C:\Users\37187\Anaconda3\lib\site-packages\django\views\decorators\csrf.py", line 54, in wrapped_view
    return view_func(*args, **kwargs)
  File "C:\Users\37187\Anaconda3\lib\site-packages\django\views\generic\base.py", line 69, in view
    return self.dispatch(request, *args, **kwargs)
  File "C:\Users\37187\Anaconda3\lib\site-packages\rest_framework\views.py", line 483, in dispatch
    response = self.handle_exception(exc)
  File "C:\Users\37187\Anaconda3\lib\site-packages\rest_framework\views.py", line 443, in handle_exception
    self.raise_uncaught_exception(exc)
  File "C:\Users\37187\Anaconda3\lib\site-packages\rest_framework\views.py", line 480, in dispatch
    response = handler(request, *args, **kwargs)
  File "C:\Users\37187\Anaconda3\lib\site-packages\rest_framework\decorators.py", line 53, in handler
    return func(*args, **kwargs)
  File "D:\课程\软件工程\TSS\SE-TSS\backend\score_management\views.py", line 106, in apply_list_staff
    return Response(serializer.data)
  File "C:\Users\37187\Anaconda3\lib\site-packages\rest_framework\serializers.py", line 765, in data
    ret = super(ListSerializer, self).data
  File "C:\Users\37187\Anaconda3\lib\site-packages\rest_framework\serializers.py", line 262, in data
    self._data = self.to_representation(self.instance)
  File "C:\Users\37187\Anaconda3\lib\site-packages\rest_framework\serializers.py", line 683, in to_representation
    self.child.to_representation(item) for item in iterable
  File "C:\Users\37187\Anaconda3\lib\site-packages\rest_framework\serializers.py", line 683, in <listcomp>
    self.child.to_representation(item) for item in iterable
  File "C:\Users\37187\Anaconda3\lib\site-packages\rest_framework\serializers.py", line 510, in to_representation
    fields = self._readable_fields
  File "C:\Users\37187\Anaconda3\lib\site-packages\django\utils\functional.py", line 36, in __get__
    res = instance.__dict__[self.name] = self.func(instance)
  File "C:\Users\37187\Anaconda3\lib\site-packages\rest_framework\serializers.py", line 376, in _readable_fields
    field for field in self.fields.values()
  File "C:\Users\37187\Anaconda3\lib\site-packages\rest_framework\serializers.py", line 363, in fields
    for key, value in self.get_fields().items():
  File "C:\Users\37187\Anaconda3\lib\site-packages\rest_framework\serializers.py", line 1020, in get_fields
    field_names = self.get_field_names(declared_fields, info)
  File "C:\Users\37187\Anaconda3\lib\site-packages\rest_framework\serializers.py", line 1121, in get_field_names
    serializer_class=self.__class__.__name__
AssertionError: The field 'student_name' was declared on serializer ApplicationSerializer, but has not been included in the 'fields' option.
2018-06-19 14:30:45,473 [Thread-3:9608] [django.server:124] [basehttp:log_message] [ERROR]- "POST /api/score/applyliststaff/ HTTP/1.1" 500 24077
2018-06-19 14:30:53,567 [Thread-1:12008] [django.server:124] [basehttp:log_message] [INFO]- "POST /api/score/applyliststaff/ HTTP/1.1" 200 229
2018-06-19 14:32:19,347 [Thread-1:12752] [django.request:93] [base:get_response] [WARNING]- Not Found: /api/score/applylistteacher/
2018-06-19 14:32:19,349 [Thread-1:12752] [django.server:124] [basehttp:log_message] [WARNING]- "POST /api/score/applylistteacher/ HTTP/1.1" 404 4511
2018-06-19 14:32:21,003 [Thread-3:12104] [django.request:93] [base:get_response] [WARNING]- Not Found: /api/score/applylistteacher/
2018-06-19 14:32:21,004 [Thread-3:12104] [django.server:124] [basehttp:log_message] [WARNING]- "POST /api/score/applylistteacher/ HTTP/1.1" 404 4511
2018-06-19 14:32:48,591 [Thread-1:13828] [django.server:124] [basehttp:log_message] [INFO]- "POST /api/score/applylistteacher/ HTTP/1.1" 200 229
2018-06-19 14:37:27,736 [Thread-1:5468] [django.server:124] [basehttp:log_message] [INFO]- "POST /api/score/applymodify/ HTTP/1.1" 200 1
2018-06-19 14:37:46,175 [Thread-3:13832] [django.server:124] [basehttp:log_message] [INFO]- "POST /api/score/applyliststaff/ HTTP/1.1" 200 239
2018-06-19 14:39:59,709 [Thread-1:3684] [django.server:124] [basehttp:log_message] [INFO]- "POST /api/score/applylistteacher/ HTTP/1.1" 200 239
2018-06-19 14:40:15,440 [Thread-3:14140] [django.server:124] [basehttp:log_message] [INFO]- "POST /api/score/applylistteacher/ HTTP/1.1" 200 239
2018-06-19 14:42:04,292 [Thread-4:3612] [django.server:124] [basehttp:log_message] [INFO]- "POST /api/score/createapplication/ HTTP/1.1" 200 5
2018-06-19 14:44:01,799 [Thread-5:11364] [django.server:124] [basehttp:log_message] [INFO]- "POST /api/score/applymodify/ HTTP/1.1" 200 2
2018-06-19 14:49:05,038 [Thread-1:14304] [django.server:124] [basehttp:log_message] [WARNING]- "POST /api/score/applymodify/ HTTP/1.1" 401 43
2018-06-19 14:49:27,790 [Thread-1:4252] [django.server:124] [basehttp:log_message] [INFO]- "POST /api/score/applymodify/ HTTP/1.1" 200 2
2018-06-20 22:43:15,142 [Thread-1:15768] [django.server:124] [basehttp:log_message] [INFO]- "POST /api/score/createapplication/ HTTP/1.1" 201 7
2018-06-20 22:43:17,267 [Thread-3:15204] [django.server:124] [basehttp:log_message] [INFO]- "POST /api/score/createapplication/ HTTP/1.1" 200 5
2018-06-20 22:43:27,533 [Thread-4:7728] [django.server:124] [basehttp:log_message] [INFO]- "POST /api/score/applymodify/ HTTP/1.1" 200 1
2018-06-20 22:44:18,197 [Thread-5:8468] [django.request:118] [exception:handle_uncaught_exception] [ERROR]- Internal Server Error: /api/score/scoreliststudent/
Traceback (most recent call last):
  File "C:\Users\37187\Anaconda3\lib\site-packages\django\core\handlers\exception.py", line 35, in inner
    response = get_response(request)
  File "C:\Users\37187\Anaconda3\lib\site-packages\django\core\handlers\base.py", line 128, in _get_response
    response = self.process_exception_by_middleware(e, request)
  File "C:\Users\37187\Anaconda3\lib\site-packages\django\core\handlers\base.py", line 126, in _get_response
    response = wrapped_callback(request, *callback_args, **callback_kwargs)
  File "C:\Users\37187\Anaconda3\lib\site-packages\django\views\decorators\csrf.py", line 54, in wrapped_view
    return view_func(*args, **kwargs)
  File "C:\Users\37187\Anaconda3\lib\site-packages\django\views\generic\base.py", line 69, in view
    return self.dispatch(request, *args, **kwargs)
  File "C:\Users\37187\Anaconda3\lib\site-packages\rest_framework\views.py", line 483, in dispatch
    response = self.handle_exception(exc)
  File "C:\Users\37187\Anaconda3\lib\site-packages\rest_framework\views.py", line 443, in handle_exception
    self.raise_uncaught_exception(exc)
  File "C:\Users\37187\Anaconda3\lib\site-packages\rest_framework\views.py", line 480, in dispatch
    response = handler(request, *args, **kwargs)
  File "C:\Users\37187\Anaconda3\lib\site-packages\rest_framework\decorators.py", line 53, in handler
    return func(*args, **kwargs)
  File "D:\课程\软件工程\TSS\SE-TSS\backend\score_management\views.py", line 43, in score_list_student
    score_relations = Score_Relation.objects.filter(course_select_info__student__username=request.data["sid"])
KeyError: 'sid'
2018-06-20 22:44:18,403 [Thread-5:8468] [django.server:124] [basehttp:log_message] [ERROR]- "POST /api/score/scoreliststudent/ HTTP/1.1" 500 22292
2018-06-20 22:44:21,089 [Thread-6:13664] [django.server:124] [basehttp:log_message] [INFO]- "POST /api/score/applymodify/ HTTP/1.1" 200 1
2018-06-20 22:45:32,312 [Thread-1:5144] [django.server:124] [basehttp:log_message] [INFO]- "POST /api/score/scoreliststudent/ HTTP/1.1" 200 5292
>>>>>>> zhb/master
2018-06-21 00:03:30,016 [Thread-1:6400] [django.server:124] [basehttp:log_message] [WARNING]- "POST /api/score/studentrank/ HTTP/1.1" 401 43
2018-06-21 00:03:48,743 [Thread-3:3028] [django.server:124] [basehttp:log_message] [WARNING]- "POST /api/score/studentrank/ HTTP/1.1" 401 43
2018-06-21 00:04:10,656 [Thread-4:15372] [django.server:124] [basehttp:log_message] [WARNING]- "POST /api/score/studentrank/ HTTP/1.1" 401 43
